108000
End--- 64987.11268401146 seconds ---
Traceback (most recent call last):
  File "/home/apptrinity19/development/scraping/web_scraper/banner_printing_3.py", line 192, in <module>
    driver = init_driver()
  File "/home/apptrinity19/development/scraping/web_scraper/banner_printing_3.py", line 31, in init_driver
    driver = webdriver.Chrome("/usr/lib/chromium-browser/chromedriver", options=options)
  File "/home/apptrinity19/development/scraping/web_scraper/env/lib/python3.7/site-packages/selenium/webdriver/chrome/webdriver.py", line 81, in __init__
    desired_capabilities=desired_capabilities)
  File "/home/apptrinity19/development/scraping/web_scraper/env/lib/python3.7/site-packages/selenium/webdriver/remote/webdriver.py", line 157, in __init__
    self.start_session(capabilities, browser_profile)
  File "/home/apptrinity19/development/scraping/web_scraper/env/lib/python3.7/site-packages/selenium/webdriver/remote/webdriver.py", line 252, in start_session
    response = self.execute(Command.NEW_SESSION, parameters)
  File "/home/apptrinity19/development/scraping/web_scraper/env/lib/python3.7/site-packages/selenium/webdriver/remote/webdriver.py", line 321, in execute
    self.error_handler.check_response(response)
  File "/home/apptrinity19/development/scraping/web_scraper/env/lib/python3.7/site-packages/selenium/webdriver/remote/errorhandler.py", line 242, in check_response
    raise exception_class(message, screen, stacktrace)
selenium.common.exceptions.SessionNotCreatedException: Message: session not created: This version of ChromeDriver only supports Chrome version 78

Traceback (most recent call last):
  File "/home/apptrinity19/development/scraping/web_scraper/banner_printing_3.py", line 192, in <module>
    driver = init_driver()
  File "/home/apptrinity19/development/scraping/web_scraper/banner_printing_3.py", line 31, in init_driver
    driver = webdriver.Chrome("/usr/lib/chromium-browser/chromedriver", options=options)
  File "/home/apptrinity19/development/scraping/web_scraper/env/lib/python3.7/site-packages/selenium/webdriver/chrome/webdriver.py", line 81, in __init__
    desired_capabilities=desired_capabilities)
  File "/home/apptrinity19/development/scraping/web_scraper/env/lib/python3.7/site-packages/selenium/webdriver/remote/webdriver.py", line 157, in __init__
    self.start_session(capabilities, browser_profile)
  File "/home/apptrinity19/development/scraping/web_scraper/env/lib/python3.7/site-packages/selenium/webdriver/remote/webdriver.py", line 252, in start_session
    response = self.execute(Command.NEW_SESSION, parameters)
  File "/home/apptrinity19/development/scraping/web_scraper/env/lib/python3.7/site-packages/selenium/webdriver/remote/webdriver.py", line 321, in execute
    self.error_handler.check_response(response)
  File "/home/apptrinity19/development/scraping/web_scraper/env/lib/python3.7/site-packages/selenium/webdriver/remote/errorhandler.py", line 242, in check_response
    raise exception_class(message, screen, stacktrace)
selenium.common.exceptions.SessionNotCreatedException: Message: session not created: This version of ChromeDriver only supports Chrome version 78

Traceback (most recent call last):
  File "/home/apptrinity19/development/scraping/web_scraper/banner_printing_3.py", line 192, in <module>
    driver = init_driver()
  File "/home/apptrinity19/development/scraping/web_scraper/banner_printing_3.py", line 31, in init_driver
    driver = webdriver.Chrome("/usr/lib/chromium-browser/chromedriver", options=options)
  File "/home/apptrinity19/development/scraping/web_scraper/env/lib/python3.7/site-packages/selenium/webdriver/chrome/webdriver.py", line 81, in __init__
    desired_capabilities=desired_capabilities)
  File "/home/apptrinity19/development/scraping/web_scraper/env/lib/python3.7/site-packages/selenium/webdriver/remote/webdriver.py", line 157, in __init__
    self.start_session(capabilities, browser_profile)
  File "/home/apptrinity19/development/scraping/web_scraper/env/lib/python3.7/site-packages/selenium/webdriver/remote/webdriver.py", line 252, in start_session
    response = self.execute(Command.NEW_SESSION, parameters)
  File "/home/apptrinity19/development/scraping/web_scraper/env/lib/python3.7/site-packages/selenium/webdriver/remote/webdriver.py", line 321, in execute
    self.error_handler.check_response(response)
  File "/home/apptrinity19/development/scraping/web_scraper/env/lib/python3.7/site-packages/selenium/webdriver/remote/errorhandler.py", line 242, in check_response
    raise exception_class(message, screen, stacktrace)
selenium.common.exceptions.SessionNotCreatedException: Message: session not created: This version of ChromeDriver only supports Chrome version 78

Traceback (most recent call last):
  File "/home/apptrinity19/development/scraping/web_scraper/banner_printing_3.py", line 192, in <module>
    driver = init_driver()
  File "/home/apptrinity19/development/scraping/web_scraper/banner_printing_3.py", line 31, in init_driver
    driver = webdriver.Chrome("/usr/lib/chromium-browser/chromedriver", options=options)
  File "/home/apptrinity19/development/scraping/web_scraper/env/lib/python3.7/site-packages/selenium/webdriver/chrome/webdriver.py", line 81, in __init__
    desired_capabilities=desired_capabilities)
  File "/home/apptrinity19/development/scraping/web_scraper/env/lib/python3.7/site-packages/selenium/webdriver/remote/webdriver.py", line 157, in __init__
    self.start_session(capabilities, browser_profile)
  File "/home/apptrinity19/development/scraping/web_scraper/env/lib/python3.7/site-packages/selenium/webdriver/remote/webdriver.py", line 252, in start_session
    response = self.execute(Command.NEW_SESSION, parameters)
  File "/home/apptrinity19/development/scraping/web_scraper/env/lib/python3.7/site-packages/selenium/webdriver/remote/webdriver.py", line 321, in execute
    self.error_handler.check_response(response)
  File "/home/apptrinity19/development/scraping/web_scraper/env/lib/python3.7/site-packages/selenium/webdriver/remote/errorhandler.py", line 242, in check_response
    raise exception_class(message, screen, stacktrace)
selenium.common.exceptions.SessionNotCreatedException: Message: session not created: This version of ChromeDriver only supports Chrome version 78

Traceback (most recent call last):
  File "/home/apptrinity19/development/scraping/web_scraper/banner_printing_3.py", line 192, in <module>
    driver = init_driver()
  File "/home/apptrinity19/development/scraping/web_scraper/banner_printing_3.py", line 31, in init_driver
    driver = webdriver.Chrome("/usr/lib/chromium-browser/chromedriver", options=options)
  File "/home/apptrinity19/development/scraping/web_scraper/env/lib/python3.7/site-packages/selenium/webdriver/chrome/webdriver.py", line 81, in __init__
    desired_capabilities=desired_capabilities)
  File "/home/apptrinity19/development/scraping/web_scraper/env/lib/python3.7/site-packages/selenium/webdriver/remote/webdriver.py", line 157, in __init__
    self.start_session(capabilities, browser_profile)
  File "/home/apptrinity19/development/scraping/web_scraper/env/lib/python3.7/site-packages/selenium/webdriver/remote/webdriver.py", line 252, in start_session
    response = self.execute(Command.NEW_SESSION, parameters)
  File "/home/apptrinity19/development/scraping/web_scraper/env/lib/python3.7/site-packages/selenium/webdriver/remote/webdriver.py", line 321, in execute
    self.error_handler.check_response(response)
  File "/home/apptrinity19/development/scraping/web_scraper/env/lib/python3.7/site-packages/selenium/webdriver/remote/errorhandler.py", line 242, in check_response
    raise exception_class(message, screen, stacktrace)
selenium.common.exceptions.SessionNotCreatedException: Message: session not created: This version of ChromeDriver only supports Chrome version 78

Traceback (most recent call last):
  File "/home/apptrinity19/development/scraping/web_scraper/banner_printing_3.py", line 192, in <module>
    driver = init_driver()
  File "/home/apptrinity19/development/scraping/web_scraper/banner_printing_3.py", line 31, in init_driver
    driver = webdriver.Chrome("/usr/lib/chromium-browser/chromedriver", options=options)
  File "/home/apptrinity19/development/scraping/web_scraper/env/lib/python3.7/site-packages/selenium/webdriver/chrome/webdriver.py", line 81, in __init__
    desired_capabilities=desired_capabilities)
  File "/home/apptrinity19/development/scraping/web_scraper/env/lib/python3.7/site-packages/selenium/webdriver/remote/webdriver.py", line 157, in __init__
    self.start_session(capabilities, browser_profile)
  File "/home/apptrinity19/development/scraping/web_scraper/env/lib/python3.7/site-packages/selenium/webdriver/remote/webdriver.py", line 252, in start_session
    response = self.execute(Command.NEW_SESSION, parameters)
  File "/home/apptrinity19/development/scraping/web_scraper/env/lib/python3.7/site-packages/selenium/webdriver/remote/webdriver.py", line 321, in execute
    self.error_handler.check_response(response)
  File "/home/apptrinity19/development/scraping/web_scraper/env/lib/python3.7/site-packages/selenium/webdriver/remote/errorhandler.py", line 242, in check_response
    raise exception_class(message, screen, stacktrace)
selenium.common.exceptions.SessionNotCreatedException: Message: session not created: This version of ChromeDriver only supports Chrome version 78

Traceback (most recent call last):
  File "/home/apptrinity19/development/scraping/web_scraper/banner_printing_3.py", line 192, in <module>
    driver = init_driver()
  File "/home/apptrinity19/development/scraping/web_scraper/banner_printing_3.py", line 31, in init_driver
    driver = webdriver.Chrome("/usr/lib/chromium-browser/chromedriver", options=options)
  File "/home/apptrinity19/development/scraping/web_scraper/env/lib/python3.7/site-packages/selenium/webdriver/chrome/webdriver.py", line 81, in __init__
    desired_capabilities=desired_capabilities)
  File "/home/apptrinity19/development/scraping/web_scraper/env/lib/python3.7/site-packages/selenium/webdriver/remote/webdriver.py", line 157, in __init__
    self.start_session(capabilities, browser_profile)
  File "/home/apptrinity19/development/scraping/web_scraper/env/lib/python3.7/site-packages/selenium/webdriver/remote/webdriver.py", line 252, in start_session
    response = self.execute(Command.NEW_SESSION, parameters)
  File "/home/apptrinity19/development/scraping/web_scraper/env/lib/python3.7/site-packages/selenium/webdriver/remote/webdriver.py", line 321, in execute
    self.error_handler.check_response(response)
  File "/home/apptrinity19/development/scraping/web_scraper/env/lib/python3.7/site-packages/selenium/webdriver/remote/errorhandler.py", line 242, in check_response
    raise exception_class(message, screen, stacktrace)
selenium.common.exceptions.SessionNotCreatedException: Message: session not created: This version of ChromeDriver only supports Chrome version 78

Traceback (most recent call last):
  File "/home/apptrinity19/development/scraping/web_scraper/banner_printing_3.py", line 192, in <module>
    driver = init_driver()
  File "/home/apptrinity19/development/scraping/web_scraper/banner_printing_3.py", line 31, in init_driver
    driver = webdriver.Chrome("/usr/lib/chromium-browser/chromedriver", options=options)
  File "/home/apptrinity19/development/scraping/web_scraper/env/lib/python3.7/site-packages/selenium/webdriver/chrome/webdriver.py", line 81, in __init__
    desired_capabilities=desired_capabilities)
  File "/home/apptrinity19/development/scraping/web_scraper/env/lib/python3.7/site-packages/selenium/webdriver/remote/webdriver.py", line 157, in __init__
    self.start_session(capabilities, browser_profile)
  File "/home/apptrinity19/development/scraping/web_scraper/env/lib/python3.7/site-packages/selenium/webdriver/remote/webdriver.py", line 252, in start_session
    response = self.execute(Command.NEW_SESSION, parameters)
  File "/home/apptrinity19/development/scraping/web_scraper/env/lib/python3.7/site-packages/selenium/webdriver/remote/webdriver.py", line 321, in execute
    self.error_handler.check_response(response)
  File "/home/apptrinity19/development/scraping/web_scraper/env/lib/python3.7/site-packages/selenium/webdriver/remote/errorhandler.py", line 242, in check_response
    raise exception_class(message, screen, stacktrace)
selenium.common.exceptions.SessionNotCreatedException: Message: session not created: This version of ChromeDriver only supports Chrome version 78

Traceback (most recent call last):
  File "/home/apptrinity19/development/scraping/web_scraper/banner_printing_3.py", line 192, in <module>
    driver = init_driver()
  File "/home/apptrinity19/development/scraping/web_scraper/banner_printing_3.py", line 31, in init_driver
    driver = webdriver.Chrome("/usr/lib/chromium-browser/chromedriver", options=options)
  File "/home/apptrinity19/development/scraping/web_scraper/env/lib/python3.7/site-packages/selenium/webdriver/chrome/webdriver.py", line 81, in __init__
    desired_capabilities=desired_capabilities)
  File "/home/apptrinity19/development/scraping/web_scraper/env/lib/python3.7/site-packages/selenium/webdriver/remote/webdriver.py", line 157, in __init__
    self.start_session(capabilities, browser_profile)
  File "/home/apptrinity19/development/scraping/web_scraper/env/lib/python3.7/site-packages/selenium/webdriver/remote/webdriver.py", line 252, in start_session
    response = self.execute(Command.NEW_SESSION, parameters)
  File "/home/apptrinity19/development/scraping/web_scraper/env/lib/python3.7/site-packages/selenium/webdriver/remote/webdriver.py", line 321, in execute
    self.error_handler.check_response(response)
  File "/home/apptrinity19/development/scraping/web_scraper/env/lib/python3.7/site-packages/selenium/webdriver/remote/errorhandler.py", line 242, in check_response
    raise exception_class(message, screen, stacktrace)
selenium.common.exceptions.SessionNotCreatedException: Message: session not created: This version of ChromeDriver only supports Chrome version 78

Traceback (most recent call last):
  File "/home/apptrinity19/development/scraping/web_scraper/banner_printing_3.py", line 192, in <module>
    driver = init_driver()
  File "/home/apptrinity19/development/scraping/web_scraper/banner_printing_3.py", line 31, in init_driver
    driver = webdriver.Chrome("/usr/lib/chromium-browser/chromedriver", options=options)
  File "/home/apptrinity19/development/scraping/web_scraper/env/lib/python3.7/site-packages/selenium/webdriver/chrome/webdriver.py", line 81, in __init__
    desired_capabilities=desired_capabilities)
  File "/home/apptrinity19/development/scraping/web_scraper/env/lib/python3.7/site-packages/selenium/webdriver/remote/webdriver.py", line 157, in __init__
    self.start_session(capabilities, browser_profile)
  File "/home/apptrinity19/development/scraping/web_scraper/env/lib/python3.7/site-packages/selenium/webdriver/remote/webdriver.py", line 252, in start_session
    response = self.execute(Command.NEW_SESSION, parameters)
  File "/home/apptrinity19/development/scraping/web_scraper/env/lib/python3.7/site-packages/selenium/webdriver/remote/webdriver.py", line 321, in execute
    self.error_handler.check_response(response)
  File "/home/apptrinity19/development/scraping/web_scraper/env/lib/python3.7/site-packages/selenium/webdriver/remote/errorhandler.py", line 242, in check_response
    raise exception_class(message, screen, stacktrace)
selenium.common.exceptions.SessionNotCreatedException: Message: session not created: This version of ChromeDriver only supports Chrome version 78

Traceback (most recent call last):
  File "/home/apptrinity19/development/scraping/web_scraper/banner_printing_3.py", line 192, in <module>
    driver = init_driver()
  File "/home/apptrinity19/development/scraping/web_scraper/banner_printing_3.py", line 31, in init_driver
    driver = webdriver.Chrome("/usr/lib/chromium-browser/chromedriver", options=options)
  File "/home/apptrinity19/development/scraping/web_scraper/env/lib/python3.7/site-packages/selenium/webdriver/chrome/webdriver.py", line 81, in __init__
    desired_capabilities=desired_capabilities)
  File "/home/apptrinity19/development/scraping/web_scraper/env/lib/python3.7/site-packages/selenium/webdriver/remote/webdriver.py", line 157, in __init__
    self.start_session(capabilities, browser_profile)
  File "/home/apptrinity19/development/scraping/web_scraper/env/lib/python3.7/site-packages/selenium/webdriver/remote/webdriver.py", line 252, in start_session
    response = self.execute(Command.NEW_SESSION, parameters)
  File "/home/apptrinity19/development/scraping/web_scraper/env/lib/python3.7/site-packages/selenium/webdriver/remote/webdriver.py", line 321, in execute
    self.error_handler.check_response(response)
  File "/home/apptrinity19/development/scraping/web_scraper/env/lib/python3.7/site-packages/selenium/webdriver/remote/errorhandler.py", line 242, in check_response
    raise exception_class(message, screen, stacktrace)
selenium.common.exceptions.SessionNotCreatedException: Message: session not created: This version of ChromeDriver only supports Chrome version 78

Traceback (most recent call last):
  File "/home/apptrinity19/development/scraping/web_scraper/banner_printing_3.py", line 192, in <module>
    driver = init_driver()
  File "/home/apptrinity19/development/scraping/web_scraper/banner_printing_3.py", line 31, in init_driver
    driver = webdriver.Chrome("/usr/lib/chromium-browser/chromedriver", options=options)
  File "/home/apptrinity19/development/scraping/web_scraper/env/lib/python3.7/site-packages/selenium/webdriver/chrome/webdriver.py", line 81, in __init__
    desired_capabilities=desired_capabilities)
  File "/home/apptrinity19/development/scraping/web_scraper/env/lib/python3.7/site-packages/selenium/webdriver/remote/webdriver.py", line 157, in __init__
    self.start_session(capabilities, browser_profile)
  File "/home/apptrinity19/development/scraping/web_scraper/env/lib/python3.7/site-packages/selenium/webdriver/remote/webdriver.py", line 252, in start_session
    response = self.execute(Command.NEW_SESSION, parameters)
  File "/home/apptrinity19/development/scraping/web_scraper/env/lib/python3.7/site-packages/selenium/webdriver/remote/webdriver.py", line 321, in execute
    self.error_handler.check_response(response)
  File "/home/apptrinity19/development/scraping/web_scraper/env/lib/python3.7/site-packages/selenium/webdriver/remote/errorhandler.py", line 242, in check_response
    raise exception_class(message, screen, stacktrace)
selenium.common.exceptions.SessionNotCreatedException: Message: session not created: This version of ChromeDriver only supports Chrome version 78

Traceback (most recent call last):
  File "/home/apptrinity19/development/scraping/web_scraper/banner_printing_3.py", line 192, in <module>
    driver = init_driver()
  File "/home/apptrinity19/development/scraping/web_scraper/banner_printing_3.py", line 31, in init_driver
    driver = webdriver.Chrome("/usr/lib/chromium-browser/chromedriver", options=options)
  File "/home/apptrinity19/development/scraping/web_scraper/env/lib/python3.7/site-packages/selenium/webdriver/chrome/webdriver.py", line 81, in __init__
    desired_capabilities=desired_capabilities)
  File "/home/apptrinity19/development/scraping/web_scraper/env/lib/python3.7/site-packages/selenium/webdriver/remote/webdriver.py", line 157, in __init__
    self.start_session(capabilities, browser_profile)
  File "/home/apptrinity19/development/scraping/web_scraper/env/lib/python3.7/site-packages/selenium/webdriver/remote/webdriver.py", line 252, in start_session
    response = self.execute(Command.NEW_SESSION, parameters)
  File "/home/apptrinity19/development/scraping/web_scraper/env/lib/python3.7/site-packages/selenium/webdriver/remote/webdriver.py", line 321, in execute
    self.error_handler.check_response(response)
  File "/home/apptrinity19/development/scraping/web_scraper/env/lib/python3.7/site-packages/selenium/webdriver/remote/errorhandler.py", line 242, in check_response
    raise exception_class(message, screen, stacktrace)
selenium.common.exceptions.SessionNotCreatedException: Message: session not created: This version of ChromeDriver only supports Chrome version 78

Traceback (most recent call last):
  File "/home/apptrinity19/development/scraping/web_scraper/banner_printing_3.py", line 192, in <module>
    driver = init_driver()
  File "/home/apptrinity19/development/scraping/web_scraper/banner_printing_3.py", line 31, in init_driver
    driver = webdriver.Chrome("/usr/lib/chromium-browser/chromedriver", options=options)
  File "/home/apptrinity19/development/scraping/web_scraper/env/lib/python3.7/site-packages/selenium/webdriver/chrome/webdriver.py", line 81, in __init__
    desired_capabilities=desired_capabilities)
  File "/home/apptrinity19/development/scraping/web_scraper/env/lib/python3.7/site-packages/selenium/webdriver/remote/webdriver.py", line 157, in __init__
    self.start_session(capabilities, browser_profile)
  File "/home/apptrinity19/development/scraping/web_scraper/env/lib/python3.7/site-packages/selenium/webdriver/remote/webdriver.py", line 252, in start_session
    response = self.execute(Command.NEW_SESSION, parameters)
  File "/home/apptrinity19/development/scraping/web_scraper/env/lib/python3.7/site-packages/selenium/webdriver/remote/webdriver.py", line 321, in execute
    self.error_handler.check_response(response)
  File "/home/apptrinity19/development/scraping/web_scraper/env/lib/python3.7/site-packages/selenium/webdriver/remote/errorhandler.py", line 242, in check_response
    raise exception_class(message, screen, stacktrace)
selenium.common.exceptions.SessionNotCreatedException: Message: session not created: This version of ChromeDriver only supports Chrome version 78

Traceback (most recent call last):
  File "/home/apptrinity19/development/scraping/web_scraper/banner_printing_3.py", line 192, in <module>
    driver = init_driver()
  File "/home/apptrinity19/development/scraping/web_scraper/banner_printing_3.py", line 31, in init_driver
    driver = webdriver.Chrome("/usr/lib/chromium-browser/chromedriver", options=options)
  File "/home/apptrinity19/development/scraping/web_scraper/env/lib/python3.7/site-packages/selenium/webdriver/chrome/webdriver.py", line 81, in __init__
    desired_capabilities=desired_capabilities)
  File "/home/apptrinity19/development/scraping/web_scraper/env/lib/python3.7/site-packages/selenium/webdriver/remote/webdriver.py", line 157, in __init__
    self.start_session(capabilities, browser_profile)
  File "/home/apptrinity19/development/scraping/web_scraper/env/lib/python3.7/site-packages/selenium/webdriver/remote/webdriver.py", line 252, in start_session
    response = self.execute(Command.NEW_SESSION, parameters)
  File "/home/apptrinity19/development/scraping/web_scraper/env/lib/python3.7/site-packages/selenium/webdriver/remote/webdriver.py", line 321, in execute
    self.error_handler.check_response(response)
  File "/home/apptrinity19/development/scraping/web_scraper/env/lib/python3.7/site-packages/selenium/webdriver/remote/errorhandler.py", line 242, in check_response
    raise exception_class(message, screen, stacktrace)
selenium.common.exceptions.SessionNotCreatedException: Message: session not created: This version of ChromeDriver only supports Chrome version 78

Traceback (most recent call last):
  File "/home/apptrinity19/development/scraping/web_scraper/banner_printing_3.py", line 192, in <module>
    driver = init_driver()
  File "/home/apptrinity19/development/scraping/web_scraper/banner_printing_3.py", line 31, in init_driver
    driver = webdriver.Chrome("/usr/lib/chromium-browser/chromedriver", options=options)
  File "/home/apptrinity19/development/scraping/web_scraper/env/lib/python3.7/site-packages/selenium/webdriver/chrome/webdriver.py", line 81, in __init__
    desired_capabilities=desired_capabilities)
  File "/home/apptrinity19/development/scraping/web_scraper/env/lib/python3.7/site-packages/selenium/webdriver/remote/webdriver.py", line 157, in __init__
    self.start_session(capabilities, browser_profile)
  File "/home/apptrinity19/development/scraping/web_scraper/env/lib/python3.7/site-packages/selenium/webdriver/remote/webdriver.py", line 252, in start_session
    response = self.execute(Command.NEW_SESSION, parameters)
  File "/home/apptrinity19/development/scraping/web_scraper/env/lib/python3.7/site-packages/selenium/webdriver/remote/webdriver.py", line 321, in execute
    self.error_handler.check_response(response)
  File "/home/apptrinity19/development/scraping/web_scraper/env/lib/python3.7/site-packages/selenium/webdriver/remote/errorhandler.py", line 242, in check_response
    raise exception_class(message, screen, stacktrace)
selenium.common.exceptions.SessionNotCreatedException: Message: session not created: This version of ChromeDriver only supports Chrome version 78

Traceback (most recent call last):
  File "/home/apptrinity19/development/scraping/web_scraper/banner_printing_3.py", line 192, in <module>
    driver = init_driver()
  File "/home/apptrinity19/development/scraping/web_scraper/banner_printing_3.py", line 31, in init_driver
    driver = webdriver.Chrome("/usr/lib/chromium-browser/chromedriver", options=options)
  File "/home/apptrinity19/development/scraping/web_scraper/env/lib/python3.7/site-packages/selenium/webdriver/chrome/webdriver.py", line 81, in __init__
    desired_capabilities=desired_capabilities)
  File "/home/apptrinity19/development/scraping/web_scraper/env/lib/python3.7/site-packages/selenium/webdriver/remote/webdriver.py", line 157, in __init__
    self.start_session(capabilities, browser_profile)
  File "/home/apptrinity19/development/scraping/web_scraper/env/lib/python3.7/site-packages/selenium/webdriver/remote/webdriver.py", line 252, in start_session
    response = self.execute(Command.NEW_SESSION, parameters)
  File "/home/apptrinity19/development/scraping/web_scraper/env/lib/python3.7/site-packages/selenium/webdriver/remote/webdriver.py", line 321, in execute
    self.error_handler.check_response(response)
  File "/home/apptrinity19/development/scraping/web_scraper/env/lib/python3.7/site-packages/selenium/webdriver/remote/errorhandler.py", line 242, in check_response
    raise exception_class(message, screen, stacktrace)
selenium.common.exceptions.SessionNotCreatedException: Message: session not created: This version of ChromeDriver only supports Chrome version 78

Traceback (most recent call last):
  File "/home/apptrinity19/development/scraping/web_scraper/banner_printing_3.py", line 192, in <module>
    driver = init_driver()
  File "/home/apptrinity19/development/scraping/web_scraper/banner_printing_3.py", line 31, in init_driver
    driver = webdriver.Chrome("/usr/lib/chromium-browser/chromedriver", options=options)
  File "/home/apptrinity19/development/scraping/web_scraper/env/lib/python3.7/site-packages/selenium/webdriver/chrome/webdriver.py", line 81, in __init__
    desired_capabilities=desired_capabilities)
  File "/home/apptrinity19/development/scraping/web_scraper/env/lib/python3.7/site-packages/selenium/webdriver/remote/webdriver.py", line 157, in __init__
    self.start_session(capabilities, browser_profile)
  File "/home/apptrinity19/development/scraping/web_scraper/env/lib/python3.7/site-packages/selenium/webdriver/remote/webdriver.py", line 252, in start_session
    response = self.execute(Command.NEW_SESSION, parameters)
  File "/home/apptrinity19/development/scraping/web_scraper/env/lib/python3.7/site-packages/selenium/webdriver/remote/webdriver.py", line 321, in execute
    self.error_handler.check_response(response)
  File "/home/apptrinity19/development/scraping/web_scraper/env/lib/python3.7/site-packages/selenium/webdriver/remote/errorhandler.py", line 242, in check_response
    raise exception_class(message, screen, stacktrace)
selenium.common.exceptions.SessionNotCreatedException: Message: session not created: This version of ChromeDriver only supports Chrome version 78

Traceback (most recent call last):
  File "/home/apptrinity19/development/scraping/web_scraper/banner_printing_3.py", line 192, in <module>
    driver = init_driver()
  File "/home/apptrinity19/development/scraping/web_scraper/banner_printing_3.py", line 31, in init_driver
    driver = webdriver.Chrome("/usr/lib/chromium-browser/chromedriver", options=options)
  File "/home/apptrinity19/development/scraping/web_scraper/env/lib/python3.7/site-packages/selenium/webdriver/chrome/webdriver.py", line 81, in __init__
    desired_capabilities=desired_capabilities)
  File "/home/apptrinity19/development/scraping/web_scraper/env/lib/python3.7/site-packages/selenium/webdriver/remote/webdriver.py", line 157, in __init__
    self.start_session(capabilities, browser_profile)
  File "/home/apptrinity19/development/scraping/web_scraper/env/lib/python3.7/site-packages/selenium/webdriver/remote/webdriver.py", line 252, in start_session
    response = self.execute(Command.NEW_SESSION, parameters)
  File "/home/apptrinity19/development/scraping/web_scraper/env/lib/python3.7/site-packages/selenium/webdriver/remote/webdriver.py", line 321, in execute
    self.error_handler.check_response(response)
  File "/home/apptrinity19/development/scraping/web_scraper/env/lib/python3.7/site-packages/selenium/webdriver/remote/errorhandler.py", line 242, in check_response
    raise exception_class(message, screen, stacktrace)
selenium.common.exceptions.SessionNotCreatedException: Message: session not created: This version of ChromeDriver only supports Chrome version 78

Traceback (most recent call last):
  File "/home/apptrinity19/development/scraping/web_scraper/banner_printing_3.py", line 192, in <module>
    driver = init_driver()
  File "/home/apptrinity19/development/scraping/web_scraper/banner_printing_3.py", line 31, in init_driver
    driver = webdriver.Chrome("/usr/lib/chromium-browser/chromedriver", options=options)
  File "/home/apptrinity19/development/scraping/web_scraper/env/lib/python3.7/site-packages/selenium/webdriver/chrome/webdriver.py", line 81, in __init__
    desired_capabilities=desired_capabilities)
  File "/home/apptrinity19/development/scraping/web_scraper/env/lib/python3.7/site-packages/selenium/webdriver/remote/webdriver.py", line 157, in __init__
    self.start_session(capabilities, browser_profile)
  File "/home/apptrinity19/development/scraping/web_scraper/env/lib/python3.7/site-packages/selenium/webdriver/remote/webdriver.py", line 252, in start_session
    response = self.execute(Command.NEW_SESSION, parameters)
  File "/home/apptrinity19/development/scraping/web_scraper/env/lib/python3.7/site-packages/selenium/webdriver/remote/webdriver.py", line 321, in execute
    self.error_handler.check_response(response)
  File "/home/apptrinity19/development/scraping/web_scraper/env/lib/python3.7/site-packages/selenium/webdriver/remote/errorhandler.py", line 242, in check_response
    raise exception_class(message, screen, stacktrace)
selenium.common.exceptions.SessionNotCreatedException: Message: session not created: This version of ChromeDriver only supports Chrome version 78

Traceback (most recent call last):
  File "/home/apptrinity19/development/scraping/web_scraper/banner_printing_3.py", line 192, in <module>
    driver = init_driver()
  File "/home/apptrinity19/development/scraping/web_scraper/banner_printing_3.py", line 31, in init_driver
    driver = webdriver.Chrome("/usr/lib/chromium-browser/chromedriver", options=options)
  File "/home/apptrinity19/development/scraping/web_scraper/env/lib/python3.7/site-packages/selenium/webdriver/chrome/webdriver.py", line 81, in __init__
    desired_capabilities=desired_capabilities)
  File "/home/apptrinity19/development/scraping/web_scraper/env/lib/python3.7/site-packages/selenium/webdriver/remote/webdriver.py", line 157, in __init__
    self.start_session(capabilities, browser_profile)
  File "/home/apptrinity19/development/scraping/web_scraper/env/lib/python3.7/site-packages/selenium/webdriver/remote/webdriver.py", line 252, in start_session
    response = self.execute(Command.NEW_SESSION, parameters)
  File "/home/apptrinity19/development/scraping/web_scraper/env/lib/python3.7/site-packages/selenium/webdriver/remote/webdriver.py", line 321, in execute
    self.error_handler.check_response(response)
  File "/home/apptrinity19/development/scraping/web_scraper/env/lib/python3.7/site-packages/selenium/webdriver/remote/errorhandler.py", line 242, in check_response
    raise exception_class(message, screen, stacktrace)
selenium.common.exceptions.SessionNotCreatedException: Message: session not created: This version of ChromeDriver only supports Chrome version 78

Traceback (most recent call last):
  File "/home/apptrinity19/development/scraping/web_scraper/banner_printing_3.py", line 192, in <module>
    driver = init_driver()
  File "/home/apptrinity19/development/scraping/web_scraper/banner_printing_3.py", line 31, in init_driver
    driver = webdriver.Chrome("/usr/lib/chromium-browser/chromedriver", options=options)
  File "/home/apptrinity19/development/scraping/web_scraper/env/lib/python3.7/site-packages/selenium/webdriver/chrome/webdriver.py", line 81, in __init__
    desired_capabilities=desired_capabilities)
  File "/home/apptrinity19/development/scraping/web_scraper/env/lib/python3.7/site-packages/selenium/webdriver/remote/webdriver.py", line 157, in __init__
    self.start_session(capabilities, browser_profile)
  File "/home/apptrinity19/development/scraping/web_scraper/env/lib/python3.7/site-packages/selenium/webdriver/remote/webdriver.py", line 252, in start_session
    response = self.execute(Command.NEW_SESSION, parameters)
  File "/home/apptrinity19/development/scraping/web_scraper/env/lib/python3.7/site-packages/selenium/webdriver/remote/webdriver.py", line 321, in execute
    self.error_handler.check_response(response)
  File "/home/apptrinity19/development/scraping/web_scraper/env/lib/python3.7/site-packages/selenium/webdriver/remote/errorhandler.py", line 242, in check_response
    raise exception_class(message, screen, stacktrace)
selenium.common.exceptions.SessionNotCreatedException: Message: session not created: This version of ChromeDriver only supports Chrome version 78

Traceback (most recent call last):
  File "/home/apptrinity19/development/scraping/web_scraper/banner_printing_3.py", line 192, in <module>
    driver = init_driver()
  File "/home/apptrinity19/development/scraping/web_scraper/banner_printing_3.py", line 31, in init_driver
    driver = webdriver.Chrome("/usr/lib/chromium-browser/chromedriver", options=options)
  File "/home/apptrinity19/development/scraping/web_scraper/env/lib/python3.7/site-packages/selenium/webdriver/chrome/webdriver.py", line 81, in __init__
    desired_capabilities=desired_capabilities)
  File "/home/apptrinity19/development/scraping/web_scraper/env/lib/python3.7/site-packages/selenium/webdriver/remote/webdriver.py", line 157, in __init__
    self.start_session(capabilities, browser_profile)
  File "/home/apptrinity19/development/scraping/web_scraper/env/lib/python3.7/site-packages/selenium/webdriver/remote/webdriver.py", line 252, in start_session
    response = self.execute(Command.NEW_SESSION, parameters)
  File "/home/apptrinity19/development/scraping/web_scraper/env/lib/python3.7/site-packages/selenium/webdriver/remote/webdriver.py", line 321, in execute
    self.error_handler.check_response(response)
  File "/home/apptrinity19/development/scraping/web_scraper/env/lib/python3.7/site-packages/selenium/webdriver/remote/errorhandler.py", line 242, in check_response
    raise exception_class(message, screen, stacktrace)
selenium.common.exceptions.SessionNotCreatedException: Message: session not created: This version of ChromeDriver only supports Chrome version 78

Traceback (most recent call last):
  File "/home/apptrinity19/development/scraping/web_scraper/banner_printing_3.py", line 192, in <module>
    driver = init_driver()
  File "/home/apptrinity19/development/scraping/web_scraper/banner_printing_3.py", line 31, in init_driver
    driver = webdriver.Chrome("/usr/lib/chromium-browser/chromedriver", options=options)
  File "/home/apptrinity19/development/scraping/web_scraper/env/lib/python3.7/site-packages/selenium/webdriver/chrome/webdriver.py", line 81, in __init__
    desired_capabilities=desired_capabilities)
  File "/home/apptrinity19/development/scraping/web_scraper/env/lib/python3.7/site-packages/selenium/webdriver/remote/webdriver.py", line 157, in __init__
    self.start_session(capabilities, browser_profile)
  File "/home/apptrinity19/development/scraping/web_scraper/env/lib/python3.7/site-packages/selenium/webdriver/remote/webdriver.py", line 252, in start_session
    response = self.execute(Command.NEW_SESSION, parameters)
  File "/home/apptrinity19/development/scraping/web_scraper/env/lib/python3.7/site-packages/selenium/webdriver/remote/webdriver.py", line 321, in execute
    self.error_handler.check_response(response)
  File "/home/apptrinity19/development/scraping/web_scraper/env/lib/python3.7/site-packages/selenium/webdriver/remote/errorhandler.py", line 242, in check_response
    raise exception_class(message, screen, stacktrace)
selenium.common.exceptions.SessionNotCreatedException: Message: session not created: This version of ChromeDriver only supports Chrome version 78

Traceback (most recent call last):
  File "/home/apptrinity19/development/scraping/web_scraper/banner_printing_3.py", line 192, in <module>
    driver = init_driver()
  File "/home/apptrinity19/development/scraping/web_scraper/banner_printing_3.py", line 31, in init_driver
    driver = webdriver.Chrome("/usr/lib/chromium-browser/chromedriver", options=options)
  File "/home/apptrinity19/development/scraping/web_scraper/env/lib/python3.7/site-packages/selenium/webdriver/chrome/webdriver.py", line 81, in __init__
    desired_capabilities=desired_capabilities)
  File "/home/apptrinity19/development/scraping/web_scraper/env/lib/python3.7/site-packages/selenium/webdriver/remote/webdriver.py", line 157, in __init__
    self.start_session(capabilities, browser_profile)
  File "/home/apptrinity19/development/scraping/web_scraper/env/lib/python3.7/site-packages/selenium/webdriver/remote/webdriver.py", line 252, in start_session
    response = self.execute(Command.NEW_SESSION, parameters)
  File "/home/apptrinity19/development/scraping/web_scraper/env/lib/python3.7/site-packages/selenium/webdriver/remote/webdriver.py", line 321, in execute
    self.error_handler.check_response(response)
  File "/home/apptrinity19/development/scraping/web_scraper/env/lib/python3.7/site-packages/selenium/webdriver/remote/errorhandler.py", line 242, in check_response
    raise exception_class(message, screen, stacktrace)
selenium.common.exceptions.SessionNotCreatedException: Message: session not created: This version of ChromeDriver only supports Chrome version 78

Traceback (most recent call last):
  File "/home/apptrinity19/development/scraping/web_scraper/banner_printing_3.py", line 192, in <module>
    driver = init_driver()
  File "/home/apptrinity19/development/scraping/web_scraper/banner_printing_3.py", line 31, in init_driver
    driver = webdriver.Chrome("/usr/lib/chromium-browser/chromedriver", options=options)
  File "/home/apptrinity19/development/scraping/web_scraper/env/lib/python3.7/site-packages/selenium/webdriver/chrome/webdriver.py", line 81, in __init__
    desired_capabilities=desired_capabilities)
  File "/home/apptrinity19/development/scraping/web_scraper/env/lib/python3.7/site-packages/selenium/webdriver/remote/webdriver.py", line 157, in __init__
    self.start_session(capabilities, browser_profile)
  File "/home/apptrinity19/development/scraping/web_scraper/env/lib/python3.7/site-packages/selenium/webdriver/remote/webdriver.py", line 252, in start_session
    response = self.execute(Command.NEW_SESSION, parameters)
  File "/home/apptrinity19/development/scraping/web_scraper/env/lib/python3.7/site-packages/selenium/webdriver/remote/webdriver.py", line 321, in execute
    self.error_handler.check_response(response)
  File "/home/apptrinity19/development/scraping/web_scraper/env/lib/python3.7/site-packages/selenium/webdriver/remote/errorhandler.py", line 242, in check_response
    raise exception_class(message, screen, stacktrace)
selenium.common.exceptions.SessionNotCreatedException: Message: session not created: This version of ChromeDriver only supports Chrome version 78

Traceback (most recent call last):
  File "/home/apptrinity19/development/scraping/web_scraper/banner_printing_3.py", line 192, in <module>
    driver = init_driver()
  File "/home/apptrinity19/development/scraping/web_scraper/banner_printing_3.py", line 31, in init_driver
    driver = webdriver.Chrome("/usr/lib/chromium-browser/chromedriver", options=options)
  File "/home/apptrinity19/development/scraping/web_scraper/env/lib/python3.7/site-packages/selenium/webdriver/chrome/webdriver.py", line 81, in __init__
    desired_capabilities=desired_capabilities)
  File "/home/apptrinity19/development/scraping/web_scraper/env/lib/python3.7/site-packages/selenium/webdriver/remote/webdriver.py", line 157, in __init__
    self.start_session(capabilities, browser_profile)
  File "/home/apptrinity19/development/scraping/web_scraper/env/lib/python3.7/site-packages/selenium/webdriver/remote/webdriver.py", line 252, in start_session
    response = self.execute(Command.NEW_SESSION, parameters)
  File "/home/apptrinity19/development/scraping/web_scraper/env/lib/python3.7/site-packages/selenium/webdriver/remote/webdriver.py", line 321, in execute
    self.error_handler.check_response(response)
  File "/home/apptrinity19/development/scraping/web_scraper/env/lib/python3.7/site-packages/selenium/webdriver/remote/errorhandler.py", line 242, in check_response
    raise exception_class(message, screen, stacktrace)
selenium.common.exceptions.SessionNotCreatedException: Message: session not created: This version of ChromeDriver only supports Chrome version 78

Traceback (most recent call last):
  File "/home/apptrinity19/development/scraping/web_scraper/banner_printing_3.py", line 192, in <module>
    driver = init_driver()
  File "/home/apptrinity19/development/scraping/web_scraper/banner_printing_3.py", line 31, in init_driver
    driver = webdriver.Chrome("/usr/lib/chromium-browser/chromedriver", options=options)
  File "/home/apptrinity19/development/scraping/web_scraper/env/lib/python3.7/site-packages/selenium/webdriver/chrome/webdriver.py", line 81, in __init__
    desired_capabilities=desired_capabilities)
  File "/home/apptrinity19/development/scraping/web_scraper/env/lib/python3.7/site-packages/selenium/webdriver/remote/webdriver.py", line 157, in __init__
    self.start_session(capabilities, browser_profile)
  File "/home/apptrinity19/development/scraping/web_scraper/env/lib/python3.7/site-packages/selenium/webdriver/remote/webdriver.py", line 252, in start_session
    response = self.execute(Command.NEW_SESSION, parameters)
  File "/home/apptrinity19/development/scraping/web_scraper/env/lib/python3.7/site-packages/selenium/webdriver/remote/webdriver.py", line 321, in execute
    self.error_handler.check_response(response)
  File "/home/apptrinity19/development/scraping/web_scraper/env/lib/python3.7/site-packages/selenium/webdriver/remote/errorhandler.py", line 242, in check_response
    raise exception_class(message, screen, stacktrace)
selenium.common.exceptions.SessionNotCreatedException: Message: session not created: This version of ChromeDriver only supports Chrome version 78

Traceback (most recent call last):
  File "/home/apptrinity19/development/scraping/web_scraper/banner_printing_3.py", line 192, in <module>
    driver = init_driver()
  File "/home/apptrinity19/development/scraping/web_scraper/banner_printing_3.py", line 31, in init_driver
    driver = webdriver.Chrome("/usr/lib/chromium-browser/chromedriver", options=options)
  File "/home/apptrinity19/development/scraping/web_scraper/env/lib/python3.7/site-packages/selenium/webdriver/chrome/webdriver.py", line 81, in __init__
    desired_capabilities=desired_capabilities)
  File "/home/apptrinity19/development/scraping/web_scraper/env/lib/python3.7/site-packages/selenium/webdriver/remote/webdriver.py", line 157, in __init__
    self.start_session(capabilities, browser_profile)
  File "/home/apptrinity19/development/scraping/web_scraper/env/lib/python3.7/site-packages/selenium/webdriver/remote/webdriver.py", line 252, in start_session
    response = self.execute(Command.NEW_SESSION, parameters)
  File "/home/apptrinity19/development/scraping/web_scraper/env/lib/python3.7/site-packages/selenium/webdriver/remote/webdriver.py", line 321, in execute
    self.error_handler.check_response(response)
  File "/home/apptrinity19/development/scraping/web_scraper/env/lib/python3.7/site-packages/selenium/webdriver/remote/errorhandler.py", line 242, in check_response
    raise exception_class(message, screen, stacktrace)
selenium.common.exceptions.SessionNotCreatedException: Message: session not created: This version of ChromeDriver only supports Chrome version 78

Traceback (most recent call last):
  File "/home/apptrinity19/development/scraping/web_scraper/banner_printing_3.py", line 192, in <module>
    driver = init_driver()
  File "/home/apptrinity19/development/scraping/web_scraper/banner_printing_3.py", line 31, in init_driver
    driver = webdriver.Chrome("/usr/lib/chromium-browser/chromedriver", options=options)
  File "/home/apptrinity19/development/scraping/web_scraper/env/lib/python3.7/site-packages/selenium/webdriver/chrome/webdriver.py", line 81, in __init__
    desired_capabilities=desired_capabilities)
  File "/home/apptrinity19/development/scraping/web_scraper/env/lib/python3.7/site-packages/selenium/webdriver/remote/webdriver.py", line 157, in __init__
    self.start_session(capabilities, browser_profile)
  File "/home/apptrinity19/development/scraping/web_scraper/env/lib/python3.7/site-packages/selenium/webdriver/remote/webdriver.py", line 252, in start_session
    response = self.execute(Command.NEW_SESSION, parameters)
  File "/home/apptrinity19/development/scraping/web_scraper/env/lib/python3.7/site-packages/selenium/webdriver/remote/webdriver.py", line 321, in execute
    self.error_handler.check_response(response)
  File "/home/apptrinity19/development/scraping/web_scraper/env/lib/python3.7/site-packages/selenium/webdriver/remote/errorhandler.py", line 242, in check_response
    raise exception_class(message, screen, stacktrace)
selenium.common.exceptions.SessionNotCreatedException: Message: session not created: This version of ChromeDriver only supports Chrome version 78

Traceback (most recent call last):
  File "/home/apptrinity19/development/scraping/web_scraper/banner_printing_3.py", line 192, in <module>
    driver = init_driver()
  File "/home/apptrinity19/development/scraping/web_scraper/banner_printing_3.py", line 31, in init_driver
    driver = webdriver.Chrome("/usr/lib/chromium-browser/chromedriver", options=options)
  File "/home/apptrinity19/development/scraping/web_scraper/env/lib/python3.7/site-packages/selenium/webdriver/chrome/webdriver.py", line 81, in __init__
    desired_capabilities=desired_capabilities)
  File "/home/apptrinity19/development/scraping/web_scraper/env/lib/python3.7/site-packages/selenium/webdriver/remote/webdriver.py", line 157, in __init__
    self.start_session(capabilities, browser_profile)
  File "/home/apptrinity19/development/scraping/web_scraper/env/lib/python3.7/site-packages/selenium/webdriver/remote/webdriver.py", line 252, in start_session
    response = self.execute(Command.NEW_SESSION, parameters)
  File "/home/apptrinity19/development/scraping/web_scraper/env/lib/python3.7/site-packages/selenium/webdriver/remote/webdriver.py", line 321, in execute
    self.error_handler.check_response(response)
  File "/home/apptrinity19/development/scraping/web_scraper/env/lib/python3.7/site-packages/selenium/webdriver/remote/errorhandler.py", line 242, in check_response
    raise exception_class(message, screen, stacktrace)
selenium.common.exceptions.SessionNotCreatedException: Message: session not created: This version of ChromeDriver only supports Chrome version 78

Traceback (most recent call last):
  File "/home/apptrinity19/development/scraping/web_scraper/banner_printing_3.py", line 192, in <module>
    driver = init_driver()
  File "/home/apptrinity19/development/scraping/web_scraper/banner_printing_3.py", line 31, in init_driver
    driver = webdriver.Chrome("/usr/lib/chromium-browser/chromedriver", options=options)
  File "/home/apptrinity19/development/scraping/web_scraper/env/lib/python3.7/site-packages/selenium/webdriver/chrome/webdriver.py", line 81, in __init__
    desired_capabilities=desired_capabilities)
  File "/home/apptrinity19/development/scraping/web_scraper/env/lib/python3.7/site-packages/selenium/webdriver/remote/webdriver.py", line 157, in __init__
    self.start_session(capabilities, browser_profile)
  File "/home/apptrinity19/development/scraping/web_scraper/env/lib/python3.7/site-packages/selenium/webdriver/remote/webdriver.py", line 252, in start_session
    response = self.execute(Command.NEW_SESSION, parameters)
  File "/home/apptrinity19/development/scraping/web_scraper/env/lib/python3.7/site-packages/selenium/webdriver/remote/webdriver.py", line 321, in execute
    self.error_handler.check_response(response)
  File "/home/apptrinity19/development/scraping/web_scraper/env/lib/python3.7/site-packages/selenium/webdriver/remote/errorhandler.py", line 242, in check_response
    raise exception_class(message, screen, stacktrace)
selenium.common.exceptions.SessionNotCreatedException: Message: session not created: This version of ChromeDriver only supports Chrome version 78

Traceback (most recent call last):
  File "/home/apptrinity19/development/scraping/web_scraper/banner_printing_3.py", line 192, in <module>
    driver = init_driver()
  File "/home/apptrinity19/development/scraping/web_scraper/banner_printing_3.py", line 31, in init_driver
    driver = webdriver.Chrome("/usr/lib/chromium-browser/chromedriver", options=options)
  File "/home/apptrinity19/development/scraping/web_scraper/env/lib/python3.7/site-packages/selenium/webdriver/chrome/webdriver.py", line 81, in __init__
    desired_capabilities=desired_capabilities)
  File "/home/apptrinity19/development/scraping/web_scraper/env/lib/python3.7/site-packages/selenium/webdriver/remote/webdriver.py", line 157, in __init__
    self.start_session(capabilities, browser_profile)
  File "/home/apptrinity19/development/scraping/web_scraper/env/lib/python3.7/site-packages/selenium/webdriver/remote/webdriver.py", line 252, in start_session
    response = self.execute(Command.NEW_SESSION, parameters)
  File "/home/apptrinity19/development/scraping/web_scraper/env/lib/python3.7/site-packages/selenium/webdriver/remote/webdriver.py", line 321, in execute
    self.error_handler.check_response(response)
  File "/home/apptrinity19/development/scraping/web_scraper/env/lib/python3.7/site-packages/selenium/webdriver/remote/errorhandler.py", line 242, in check_response
    raise exception_class(message, screen, stacktrace)
selenium.common.exceptions.SessionNotCreatedException: Message: session not created: This version of ChromeDriver only supports Chrome version 78

Traceback (most recent call last):
  File "/home/apptrinity19/development/scraping/web_scraper/banner_printing_3.py", line 192, in <module>
    driver = init_driver()
  File "/home/apptrinity19/development/scraping/web_scraper/banner_printing_3.py", line 31, in init_driver
    driver = webdriver.Chrome("/usr/lib/chromium-browser/chromedriver", options=options)
  File "/home/apptrinity19/development/scraping/web_scraper/env/lib/python3.7/site-packages/selenium/webdriver/chrome/webdriver.py", line 81, in __init__
    desired_capabilities=desired_capabilities)
  File "/home/apptrinity19/development/scraping/web_scraper/env/lib/python3.7/site-packages/selenium/webdriver/remote/webdriver.py", line 157, in __init__
    self.start_session(capabilities, browser_profile)
  File "/home/apptrinity19/development/scraping/web_scraper/env/lib/python3.7/site-packages/selenium/webdriver/remote/webdriver.py", line 252, in start_session
    response = self.execute(Command.NEW_SESSION, parameters)
  File "/home/apptrinity19/development/scraping/web_scraper/env/lib/python3.7/site-packages/selenium/webdriver/remote/webdriver.py", line 321, in execute
    self.error_handler.check_response(response)
  File "/home/apptrinity19/development/scraping/web_scraper/env/lib/python3.7/site-packages/selenium/webdriver/remote/errorhandler.py", line 242, in check_response
    raise exception_class(message, screen, stacktrace)
selenium.common.exceptions.SessionNotCreatedException: Message: session not created: This version of ChromeDriver only supports Chrome version 78

Traceback (most recent call last):
  File "/home/apptrinity19/development/scraping/web_scraper/banner_printing_3.py", line 192, in <module>
    driver = init_driver()
  File "/home/apptrinity19/development/scraping/web_scraper/banner_printing_3.py", line 31, in init_driver
    driver = webdriver.Chrome("/usr/lib/chromium-browser/chromedriver", options=options)
  File "/home/apptrinity19/development/scraping/web_scraper/env/lib/python3.7/site-packages/selenium/webdriver/chrome/webdriver.py", line 81, in __init__
    desired_capabilities=desired_capabilities)
  File "/home/apptrinity19/development/scraping/web_scraper/env/lib/python3.7/site-packages/selenium/webdriver/remote/webdriver.py", line 157, in __init__
    self.start_session(capabilities, browser_profile)
  File "/home/apptrinity19/development/scraping/web_scraper/env/lib/python3.7/site-packages/selenium/webdriver/remote/webdriver.py", line 252, in start_session
    response = self.execute(Command.NEW_SESSION, parameters)
  File "/home/apptrinity19/development/scraping/web_scraper/env/lib/python3.7/site-packages/selenium/webdriver/remote/webdriver.py", line 321, in execute
    self.error_handler.check_response(response)
  File "/home/apptrinity19/development/scraping/web_scraper/env/lib/python3.7/site-packages/selenium/webdriver/remote/errorhandler.py", line 242, in check_response
    raise exception_class(message, screen, stacktrace)
selenium.common.exceptions.SessionNotCreatedException: Message: session not created: This version of ChromeDriver only supports Chrome version 78

