10584
list index out of range
list index out of range
list index out of range
list index out of range
list index out of range
list index out of range
list index out of range
list index out of range
list index out of range
list index out of range
list index out of range
list index out of range
list index out of range
list index out of range
list index out of range
list index out of range
list index out of range
list index out of range
list index out of range
list index out of range
list index out of range
list index out of range
list index out of range
list index out of range
End--- 12887.740683794022 seconds ---
10584
list index out of range
list index out of range
list index out of range
list index out of range
list index out of range
list index out of range
list index out of range
list index out of range
list index out of range
list index out of range
list index out of range
list index out of range
list index out of range
list index out of range
list index out of range
list index out of range
list index out of range
list index out of range
list index out of range
list index out of range
list index out of range
list index out of range
list index out of range
list index out of range
list index out of range
list index out of range
list index out of range
list index out of range
list index out of range
list index out of range
list index out of range
list index out of range
list index out of range
list index out of range
list index out of range
list index out of range
list index out of range
list index out of range
list index out of range
list index out of range
list index out of range
list index out of range
list index out of range
list index out of range
list index out of range
list index out of range
list index out of range
list index out of range
list index out of range
list index out of range
list index out of range
list index out of range
list index out of range
list index out of range
list index out of range
list index out of range
list index out of range
list index out of range
list index out of range
list index out of range
list index out of range
list index out of range
list index out of range
list index out of range
list index out of range
list index out of range
list index out of range
list index out of range
list index out of range
list index out of range
list index out of range
End--- 13088.89395904541 seconds ---
15876
Traceback (most recent call last):
  File "/home/apptrinity19/development/scraping/web_scraper/door_hanger.py", line 221, in <module>
    lookup(driver)
  File "/home/apptrinity19/development/scraping/web_scraper/door_hanger.py", line 133, in lookup
    selectCoating.select_by_value(str(optionValuesCombination[x][4]))
  File "/home/apptrinity19/development/scraping/web_scraper/env/lib/python3.7/site-packages/selenium/webdriver/support/select.py", line 87, in select_by_value
    raise NoSuchElementException("Cannot locate option with value: %s" % value)
selenium.common.exceptions.NoSuchElementException: Message: Cannot locate option with value: 2

15876
Traceback (most recent call last):
  File "/home/apptrinity19/development/scraping/web_scraper/door_hanger.py", line 221, in <module>
    lookup(driver)
  File "/home/apptrinity19/development/scraping/web_scraper/door_hanger.py", line 133, in lookup
    selectCoating.select_by_value(str(optionValuesCombination[x][4]))
  File "/home/apptrinity19/development/scraping/web_scraper/env/lib/python3.7/site-packages/selenium/webdriver/support/select.py", line 87, in select_by_value
    raise NoSuchElementException("Cannot locate option with value: %s" % value)
selenium.common.exceptions.NoSuchElementException: Message: Cannot locate option with value: 2

15876
Traceback (most recent call last):
  File "/home/apptrinity19/development/scraping/web_scraper/door_hanger.py", line 221, in <module>
    lookup(driver)
  File "/home/apptrinity19/development/scraping/web_scraper/door_hanger.py", line 133, in lookup
    selectCoating.select_by_value(str(optionValuesCombination[x][4]))
  File "/home/apptrinity19/development/scraping/web_scraper/env/lib/python3.7/site-packages/selenium/webdriver/support/select.py", line 87, in select_by_value
    raise NoSuchElementException("Cannot locate option with value: %s" % value)
selenium.common.exceptions.NoSuchElementException: Message: Cannot locate option with value: 2

Traceback (most recent call last):
  File "/home/apptrinity19/development/scraping/web_scraper/door_hanger.py", line 220, in <module>
    driver = init_driver()
  File "/home/apptrinity19/development/scraping/web_scraper/door_hanger.py", line 39, in init_driver
    driver = webdriver.Chrome("/usr/lib/chromium-browser/chromedriver", options=options)
  File "/home/apptrinity19/development/scraping/web_scraper/env/lib/python3.7/site-packages/selenium/webdriver/chrome/webdriver.py", line 81, in __init__
    desired_capabilities=desired_capabilities)
  File "/home/apptrinity19/development/scraping/web_scraper/env/lib/python3.7/site-packages/selenium/webdriver/remote/webdriver.py", line 157, in __init__
    self.start_session(capabilities, browser_profile)
  File "/home/apptrinity19/development/scraping/web_scraper/env/lib/python3.7/site-packages/selenium/webdriver/remote/webdriver.py", line 252, in start_session
    response = self.execute(Command.NEW_SESSION, parameters)
  File "/home/apptrinity19/development/scraping/web_scraper/env/lib/python3.7/site-packages/selenium/webdriver/remote/webdriver.py", line 321, in execute
    self.error_handler.check_response(response)
  File "/home/apptrinity19/development/scraping/web_scraper/env/lib/python3.7/site-packages/selenium/webdriver/remote/errorhandler.py", line 242, in check_response
    raise exception_class(message, screen, stacktrace)
selenium.common.exceptions.SessionNotCreatedException: Message: session not created: This version of ChromeDriver only supports Chrome version 78

Traceback (most recent call last):
  File "/home/apptrinity19/development/scraping/web_scraper/door_hanger.py", line 220, in <module>
    driver = init_driver()
  File "/home/apptrinity19/development/scraping/web_scraper/door_hanger.py", line 39, in init_driver
    driver = webdriver.Chrome("/usr/lib/chromium-browser/chromedriver", options=options)
  File "/home/apptrinity19/development/scraping/web_scraper/env/lib/python3.7/site-packages/selenium/webdriver/chrome/webdriver.py", line 81, in __init__
    desired_capabilities=desired_capabilities)
  File "/home/apptrinity19/development/scraping/web_scraper/env/lib/python3.7/site-packages/selenium/webdriver/remote/webdriver.py", line 157, in __init__
    self.start_session(capabilities, browser_profile)
  File "/home/apptrinity19/development/scraping/web_scraper/env/lib/python3.7/site-packages/selenium/webdriver/remote/webdriver.py", line 252, in start_session
    response = self.execute(Command.NEW_SESSION, parameters)
  File "/home/apptrinity19/development/scraping/web_scraper/env/lib/python3.7/site-packages/selenium/webdriver/remote/webdriver.py", line 321, in execute
    self.error_handler.check_response(response)
  File "/home/apptrinity19/development/scraping/web_scraper/env/lib/python3.7/site-packages/selenium/webdriver/remote/errorhandler.py", line 242, in check_response
    raise exception_class(message, screen, stacktrace)
selenium.common.exceptions.SessionNotCreatedException: Message: session not created: This version of ChromeDriver only supports Chrome version 78

Traceback (most recent call last):
  File "/home/apptrinity19/development/scraping/web_scraper/door_hanger.py", line 220, in <module>
    driver = init_driver()
  File "/home/apptrinity19/development/scraping/web_scraper/door_hanger.py", line 39, in init_driver
    driver = webdriver.Chrome("/usr/lib/chromium-browser/chromedriver", options=options)
  File "/home/apptrinity19/development/scraping/web_scraper/env/lib/python3.7/site-packages/selenium/webdriver/chrome/webdriver.py", line 81, in __init__
    desired_capabilities=desired_capabilities)
  File "/home/apptrinity19/development/scraping/web_scraper/env/lib/python3.7/site-packages/selenium/webdriver/remote/webdriver.py", line 157, in __init__
    self.start_session(capabilities, browser_profile)
  File "/home/apptrinity19/development/scraping/web_scraper/env/lib/python3.7/site-packages/selenium/webdriver/remote/webdriver.py", line 252, in start_session
    response = self.execute(Command.NEW_SESSION, parameters)
  File "/home/apptrinity19/development/scraping/web_scraper/env/lib/python3.7/site-packages/selenium/webdriver/remote/webdriver.py", line 321, in execute
    self.error_handler.check_response(response)
  File "/home/apptrinity19/development/scraping/web_scraper/env/lib/python3.7/site-packages/selenium/webdriver/remote/errorhandler.py", line 242, in check_response
    raise exception_class(message, screen, stacktrace)
selenium.common.exceptions.SessionNotCreatedException: Message: session not created: This version of ChromeDriver only supports Chrome version 78

Traceback (most recent call last):
  File "/home/apptrinity19/development/scraping/web_scraper/door_hanger.py", line 220, in <module>
    driver = init_driver()
  File "/home/apptrinity19/development/scraping/web_scraper/door_hanger.py", line 39, in init_driver
    driver = webdriver.Chrome("/usr/lib/chromium-browser/chromedriver", options=options)
  File "/home/apptrinity19/development/scraping/web_scraper/env/lib/python3.7/site-packages/selenium/webdriver/chrome/webdriver.py", line 81, in __init__
    desired_capabilities=desired_capabilities)
  File "/home/apptrinity19/development/scraping/web_scraper/env/lib/python3.7/site-packages/selenium/webdriver/remote/webdriver.py", line 157, in __init__
    self.start_session(capabilities, browser_profile)
  File "/home/apptrinity19/development/scraping/web_scraper/env/lib/python3.7/site-packages/selenium/webdriver/remote/webdriver.py", line 252, in start_session
    response = self.execute(Command.NEW_SESSION, parameters)
  File "/home/apptrinity19/development/scraping/web_scraper/env/lib/python3.7/site-packages/selenium/webdriver/remote/webdriver.py", line 321, in execute
    self.error_handler.check_response(response)
  File "/home/apptrinity19/development/scraping/web_scraper/env/lib/python3.7/site-packages/selenium/webdriver/remote/errorhandler.py", line 242, in check_response
    raise exception_class(message, screen, stacktrace)
selenium.common.exceptions.SessionNotCreatedException: Message: session not created: This version of ChromeDriver only supports Chrome version 78

Traceback (most recent call last):
  File "/home/apptrinity19/development/scraping/web_scraper/door_hanger.py", line 220, in <module>
    driver = init_driver()
  File "/home/apptrinity19/development/scraping/web_scraper/door_hanger.py", line 39, in init_driver
    driver = webdriver.Chrome("/usr/lib/chromium-browser/chromedriver", options=options)
  File "/home/apptrinity19/development/scraping/web_scraper/env/lib/python3.7/site-packages/selenium/webdriver/chrome/webdriver.py", line 81, in __init__
    desired_capabilities=desired_capabilities)
  File "/home/apptrinity19/development/scraping/web_scraper/env/lib/python3.7/site-packages/selenium/webdriver/remote/webdriver.py", line 157, in __init__
    self.start_session(capabilities, browser_profile)
  File "/home/apptrinity19/development/scraping/web_scraper/env/lib/python3.7/site-packages/selenium/webdriver/remote/webdriver.py", line 252, in start_session
    response = self.execute(Command.NEW_SESSION, parameters)
  File "/home/apptrinity19/development/scraping/web_scraper/env/lib/python3.7/site-packages/selenium/webdriver/remote/webdriver.py", line 321, in execute
    self.error_handler.check_response(response)
  File "/home/apptrinity19/development/scraping/web_scraper/env/lib/python3.7/site-packages/selenium/webdriver/remote/errorhandler.py", line 242, in check_response
    raise exception_class(message, screen, stacktrace)
selenium.common.exceptions.SessionNotCreatedException: Message: session not created: This version of ChromeDriver only supports Chrome version 78

Traceback (most recent call last):
  File "/home/apptrinity19/development/scraping/web_scraper/door_hanger.py", line 220, in <module>
    driver = init_driver()
  File "/home/apptrinity19/development/scraping/web_scraper/door_hanger.py", line 39, in init_driver
    driver = webdriver.Chrome("/usr/lib/chromium-browser/chromedriver", options=options)
  File "/home/apptrinity19/development/scraping/web_scraper/env/lib/python3.7/site-packages/selenium/webdriver/chrome/webdriver.py", line 81, in __init__
    desired_capabilities=desired_capabilities)
  File "/home/apptrinity19/development/scraping/web_scraper/env/lib/python3.7/site-packages/selenium/webdriver/remote/webdriver.py", line 157, in __init__
    self.start_session(capabilities, browser_profile)
  File "/home/apptrinity19/development/scraping/web_scraper/env/lib/python3.7/site-packages/selenium/webdriver/remote/webdriver.py", line 252, in start_session
    response = self.execute(Command.NEW_SESSION, parameters)
  File "/home/apptrinity19/development/scraping/web_scraper/env/lib/python3.7/site-packages/selenium/webdriver/remote/webdriver.py", line 321, in execute
    self.error_handler.check_response(response)
  File "/home/apptrinity19/development/scraping/web_scraper/env/lib/python3.7/site-packages/selenium/webdriver/remote/errorhandler.py", line 242, in check_response
    raise exception_class(message, screen, stacktrace)
selenium.common.exceptions.SessionNotCreatedException: Message: session not created: This version of ChromeDriver only supports Chrome version 78

Traceback (most recent call last):
  File "/home/apptrinity19/development/scraping/web_scraper/door_hanger.py", line 220, in <module>
    driver = init_driver()
  File "/home/apptrinity19/development/scraping/web_scraper/door_hanger.py", line 39, in init_driver
    driver = webdriver.Chrome("/usr/lib/chromium-browser/chromedriver", options=options)
  File "/home/apptrinity19/development/scraping/web_scraper/env/lib/python3.7/site-packages/selenium/webdriver/chrome/webdriver.py", line 81, in __init__
    desired_capabilities=desired_capabilities)
  File "/home/apptrinity19/development/scraping/web_scraper/env/lib/python3.7/site-packages/selenium/webdriver/remote/webdriver.py", line 157, in __init__
    self.start_session(capabilities, browser_profile)
  File "/home/apptrinity19/development/scraping/web_scraper/env/lib/python3.7/site-packages/selenium/webdriver/remote/webdriver.py", line 252, in start_session
    response = self.execute(Command.NEW_SESSION, parameters)
  File "/home/apptrinity19/development/scraping/web_scraper/env/lib/python3.7/site-packages/selenium/webdriver/remote/webdriver.py", line 321, in execute
    self.error_handler.check_response(response)
  File "/home/apptrinity19/development/scraping/web_scraper/env/lib/python3.7/site-packages/selenium/webdriver/remote/errorhandler.py", line 242, in check_response
    raise exception_class(message, screen, stacktrace)
selenium.common.exceptions.SessionNotCreatedException: Message: session not created: This version of ChromeDriver only supports Chrome version 78

Traceback (most recent call last):
  File "/home/apptrinity19/development/scraping/web_scraper/door_hanger.py", line 220, in <module>
    driver = init_driver()
  File "/home/apptrinity19/development/scraping/web_scraper/door_hanger.py", line 39, in init_driver
    driver = webdriver.Chrome("/usr/lib/chromium-browser/chromedriver", options=options)
  File "/home/apptrinity19/development/scraping/web_scraper/env/lib/python3.7/site-packages/selenium/webdriver/chrome/webdriver.py", line 81, in __init__
    desired_capabilities=desired_capabilities)
  File "/home/apptrinity19/development/scraping/web_scraper/env/lib/python3.7/site-packages/selenium/webdriver/remote/webdriver.py", line 157, in __init__
    self.start_session(capabilities, browser_profile)
  File "/home/apptrinity19/development/scraping/web_scraper/env/lib/python3.7/site-packages/selenium/webdriver/remote/webdriver.py", line 252, in start_session
    response = self.execute(Command.NEW_SESSION, parameters)
  File "/home/apptrinity19/development/scraping/web_scraper/env/lib/python3.7/site-packages/selenium/webdriver/remote/webdriver.py", line 321, in execute
    self.error_handler.check_response(response)
  File "/home/apptrinity19/development/scraping/web_scraper/env/lib/python3.7/site-packages/selenium/webdriver/remote/errorhandler.py", line 242, in check_response
    raise exception_class(message, screen, stacktrace)
selenium.common.exceptions.SessionNotCreatedException: Message: session not created: This version of ChromeDriver only supports Chrome version 78

Traceback (most recent call last):
  File "/home/apptrinity19/development/scraping/web_scraper/door_hanger.py", line 220, in <module>
    driver = init_driver()
  File "/home/apptrinity19/development/scraping/web_scraper/door_hanger.py", line 39, in init_driver
    driver = webdriver.Chrome("/usr/lib/chromium-browser/chromedriver", options=options)
  File "/home/apptrinity19/development/scraping/web_scraper/env/lib/python3.7/site-packages/selenium/webdriver/chrome/webdriver.py", line 81, in __init__
    desired_capabilities=desired_capabilities)
  File "/home/apptrinity19/development/scraping/web_scraper/env/lib/python3.7/site-packages/selenium/webdriver/remote/webdriver.py", line 157, in __init__
    self.start_session(capabilities, browser_profile)
  File "/home/apptrinity19/development/scraping/web_scraper/env/lib/python3.7/site-packages/selenium/webdriver/remote/webdriver.py", line 252, in start_session
    response = self.execute(Command.NEW_SESSION, parameters)
  File "/home/apptrinity19/development/scraping/web_scraper/env/lib/python3.7/site-packages/selenium/webdriver/remote/webdriver.py", line 321, in execute
    self.error_handler.check_response(response)
  File "/home/apptrinity19/development/scraping/web_scraper/env/lib/python3.7/site-packages/selenium/webdriver/remote/errorhandler.py", line 242, in check_response
    raise exception_class(message, screen, stacktrace)
selenium.common.exceptions.SessionNotCreatedException: Message: session not created: This version of ChromeDriver only supports Chrome version 78

Traceback (most recent call last):
  File "/home/apptrinity19/development/scraping/web_scraper/door_hanger.py", line 220, in <module>
    driver = init_driver()
  File "/home/apptrinity19/development/scraping/web_scraper/door_hanger.py", line 39, in init_driver
    driver = webdriver.Chrome("/usr/lib/chromium-browser/chromedriver", options=options)
  File "/home/apptrinity19/development/scraping/web_scraper/env/lib/python3.7/site-packages/selenium/webdriver/chrome/webdriver.py", line 81, in __init__
    desired_capabilities=desired_capabilities)
  File "/home/apptrinity19/development/scraping/web_scraper/env/lib/python3.7/site-packages/selenium/webdriver/remote/webdriver.py", line 157, in __init__
    self.start_session(capabilities, browser_profile)
  File "/home/apptrinity19/development/scraping/web_scraper/env/lib/python3.7/site-packages/selenium/webdriver/remote/webdriver.py", line 252, in start_session
    response = self.execute(Command.NEW_SESSION, parameters)
  File "/home/apptrinity19/development/scraping/web_scraper/env/lib/python3.7/site-packages/selenium/webdriver/remote/webdriver.py", line 321, in execute
    self.error_handler.check_response(response)
  File "/home/apptrinity19/development/scraping/web_scraper/env/lib/python3.7/site-packages/selenium/webdriver/remote/errorhandler.py", line 242, in check_response
    raise exception_class(message, screen, stacktrace)
selenium.common.exceptions.SessionNotCreatedException: Message: session not created: This version of ChromeDriver only supports Chrome version 78

Traceback (most recent call last):
  File "/home/apptrinity19/development/scraping/web_scraper/door_hanger.py", line 220, in <module>
    driver = init_driver()
  File "/home/apptrinity19/development/scraping/web_scraper/door_hanger.py", line 39, in init_driver
    driver = webdriver.Chrome("/usr/lib/chromium-browser/chromedriver", options=options)
  File "/home/apptrinity19/development/scraping/web_scraper/env/lib/python3.7/site-packages/selenium/webdriver/chrome/webdriver.py", line 81, in __init__
    desired_capabilities=desired_capabilities)
  File "/home/apptrinity19/development/scraping/web_scraper/env/lib/python3.7/site-packages/selenium/webdriver/remote/webdriver.py", line 157, in __init__
    self.start_session(capabilities, browser_profile)
  File "/home/apptrinity19/development/scraping/web_scraper/env/lib/python3.7/site-packages/selenium/webdriver/remote/webdriver.py", line 252, in start_session
    response = self.execute(Command.NEW_SESSION, parameters)
  File "/home/apptrinity19/development/scraping/web_scraper/env/lib/python3.7/site-packages/selenium/webdriver/remote/webdriver.py", line 321, in execute
    self.error_handler.check_response(response)
  File "/home/apptrinity19/development/scraping/web_scraper/env/lib/python3.7/site-packages/selenium/webdriver/remote/errorhandler.py", line 242, in check_response
    raise exception_class(message, screen, stacktrace)
selenium.common.exceptions.SessionNotCreatedException: Message: session not created: This version of ChromeDriver only supports Chrome version 78

Traceback (most recent call last):
  File "/home/apptrinity19/development/scraping/web_scraper/door_hanger.py", line 220, in <module>
    driver = init_driver()
  File "/home/apptrinity19/development/scraping/web_scraper/door_hanger.py", line 39, in init_driver
    driver = webdriver.Chrome("/usr/lib/chromium-browser/chromedriver", options=options)
  File "/home/apptrinity19/development/scraping/web_scraper/env/lib/python3.7/site-packages/selenium/webdriver/chrome/webdriver.py", line 81, in __init__
    desired_capabilities=desired_capabilities)
  File "/home/apptrinity19/development/scraping/web_scraper/env/lib/python3.7/site-packages/selenium/webdriver/remote/webdriver.py", line 157, in __init__
    self.start_session(capabilities, browser_profile)
  File "/home/apptrinity19/development/scraping/web_scraper/env/lib/python3.7/site-packages/selenium/webdriver/remote/webdriver.py", line 252, in start_session
    response = self.execute(Command.NEW_SESSION, parameters)
  File "/home/apptrinity19/development/scraping/web_scraper/env/lib/python3.7/site-packages/selenium/webdriver/remote/webdriver.py", line 321, in execute
    self.error_handler.check_response(response)
  File "/home/apptrinity19/development/scraping/web_scraper/env/lib/python3.7/site-packages/selenium/webdriver/remote/errorhandler.py", line 242, in check_response
    raise exception_class(message, screen, stacktrace)
selenium.common.exceptions.SessionNotCreatedException: Message: session not created: This version of ChromeDriver only supports Chrome version 78

Traceback (most recent call last):
  File "/home/apptrinity19/development/scraping/web_scraper/door_hanger.py", line 220, in <module>
    driver = init_driver()
  File "/home/apptrinity19/development/scraping/web_scraper/door_hanger.py", line 39, in init_driver
    driver = webdriver.Chrome("/usr/lib/chromium-browser/chromedriver", options=options)
  File "/home/apptrinity19/development/scraping/web_scraper/env/lib/python3.7/site-packages/selenium/webdriver/chrome/webdriver.py", line 81, in __init__
    desired_capabilities=desired_capabilities)
  File "/home/apptrinity19/development/scraping/web_scraper/env/lib/python3.7/site-packages/selenium/webdriver/remote/webdriver.py", line 157, in __init__
    self.start_session(capabilities, browser_profile)
  File "/home/apptrinity19/development/scraping/web_scraper/env/lib/python3.7/site-packages/selenium/webdriver/remote/webdriver.py", line 252, in start_session
    response = self.execute(Command.NEW_SESSION, parameters)
  File "/home/apptrinity19/development/scraping/web_scraper/env/lib/python3.7/site-packages/selenium/webdriver/remote/webdriver.py", line 321, in execute
    self.error_handler.check_response(response)
  File "/home/apptrinity19/development/scraping/web_scraper/env/lib/python3.7/site-packages/selenium/webdriver/remote/errorhandler.py", line 242, in check_response
    raise exception_class(message, screen, stacktrace)
selenium.common.exceptions.SessionNotCreatedException: Message: session not created: This version of ChromeDriver only supports Chrome version 78

Traceback (most recent call last):
  File "/home/apptrinity19/development/scraping/web_scraper/door_hanger.py", line 220, in <module>
    driver = init_driver()
  File "/home/apptrinity19/development/scraping/web_scraper/door_hanger.py", line 39, in init_driver
    driver = webdriver.Chrome("/usr/lib/chromium-browser/chromedriver", options=options)
  File "/home/apptrinity19/development/scraping/web_scraper/env/lib/python3.7/site-packages/selenium/webdriver/chrome/webdriver.py", line 81, in __init__
    desired_capabilities=desired_capabilities)
  File "/home/apptrinity19/development/scraping/web_scraper/env/lib/python3.7/site-packages/selenium/webdriver/remote/webdriver.py", line 157, in __init__
    self.start_session(capabilities, browser_profile)
  File "/home/apptrinity19/development/scraping/web_scraper/env/lib/python3.7/site-packages/selenium/webdriver/remote/webdriver.py", line 252, in start_session
    response = self.execute(Command.NEW_SESSION, parameters)
  File "/home/apptrinity19/development/scraping/web_scraper/env/lib/python3.7/site-packages/selenium/webdriver/remote/webdriver.py", line 321, in execute
    self.error_handler.check_response(response)
  File "/home/apptrinity19/development/scraping/web_scraper/env/lib/python3.7/site-packages/selenium/webdriver/remote/errorhandler.py", line 242, in check_response
    raise exception_class(message, screen, stacktrace)
selenium.common.exceptions.SessionNotCreatedException: Message: session not created: This version of ChromeDriver only supports Chrome version 78

Traceback (most recent call last):
  File "/home/apptrinity19/development/scraping/web_scraper/door_hanger.py", line 220, in <module>
    driver = init_driver()
  File "/home/apptrinity19/development/scraping/web_scraper/door_hanger.py", line 39, in init_driver
    driver = webdriver.Chrome("/usr/lib/chromium-browser/chromedriver", options=options)
  File "/home/apptrinity19/development/scraping/web_scraper/env/lib/python3.7/site-packages/selenium/webdriver/chrome/webdriver.py", line 81, in __init__
    desired_capabilities=desired_capabilities)
  File "/home/apptrinity19/development/scraping/web_scraper/env/lib/python3.7/site-packages/selenium/webdriver/remote/webdriver.py", line 157, in __init__
    self.start_session(capabilities, browser_profile)
  File "/home/apptrinity19/development/scraping/web_scraper/env/lib/python3.7/site-packages/selenium/webdriver/remote/webdriver.py", line 252, in start_session
    response = self.execute(Command.NEW_SESSION, parameters)
  File "/home/apptrinity19/development/scraping/web_scraper/env/lib/python3.7/site-packages/selenium/webdriver/remote/webdriver.py", line 321, in execute
    self.error_handler.check_response(response)
  File "/home/apptrinity19/development/scraping/web_scraper/env/lib/python3.7/site-packages/selenium/webdriver/remote/errorhandler.py", line 242, in check_response
    raise exception_class(message, screen, stacktrace)
selenium.common.exceptions.SessionNotCreatedException: Message: session not created: This version of ChromeDriver only supports Chrome version 78

Traceback (most recent call last):
  File "/home/apptrinity19/development/scraping/web_scraper/door_hanger.py", line 220, in <module>
    driver = init_driver()
  File "/home/apptrinity19/development/scraping/web_scraper/door_hanger.py", line 39, in init_driver
    driver = webdriver.Chrome("/usr/lib/chromium-browser/chromedriver", options=options)
  File "/home/apptrinity19/development/scraping/web_scraper/env/lib/python3.7/site-packages/selenium/webdriver/chrome/webdriver.py", line 81, in __init__
    desired_capabilities=desired_capabilities)
  File "/home/apptrinity19/development/scraping/web_scraper/env/lib/python3.7/site-packages/selenium/webdriver/remote/webdriver.py", line 157, in __init__
    self.start_session(capabilities, browser_profile)
  File "/home/apptrinity19/development/scraping/web_scraper/env/lib/python3.7/site-packages/selenium/webdriver/remote/webdriver.py", line 252, in start_session
    response = self.execute(Command.NEW_SESSION, parameters)
  File "/home/apptrinity19/development/scraping/web_scraper/env/lib/python3.7/site-packages/selenium/webdriver/remote/webdriver.py", line 321, in execute
    self.error_handler.check_response(response)
  File "/home/apptrinity19/development/scraping/web_scraper/env/lib/python3.7/site-packages/selenium/webdriver/remote/errorhandler.py", line 242, in check_response
    raise exception_class(message, screen, stacktrace)
selenium.common.exceptions.SessionNotCreatedException: Message: session not created: This version of ChromeDriver only supports Chrome version 78

Traceback (most recent call last):
  File "/home/apptrinity19/development/scraping/web_scraper/door_hanger.py", line 220, in <module>
    driver = init_driver()
  File "/home/apptrinity19/development/scraping/web_scraper/door_hanger.py", line 39, in init_driver
    driver = webdriver.Chrome("/usr/lib/chromium-browser/chromedriver", options=options)
  File "/home/apptrinity19/development/scraping/web_scraper/env/lib/python3.7/site-packages/selenium/webdriver/chrome/webdriver.py", line 81, in __init__
    desired_capabilities=desired_capabilities)
  File "/home/apptrinity19/development/scraping/web_scraper/env/lib/python3.7/site-packages/selenium/webdriver/remote/webdriver.py", line 157, in __init__
    self.start_session(capabilities, browser_profile)
  File "/home/apptrinity19/development/scraping/web_scraper/env/lib/python3.7/site-packages/selenium/webdriver/remote/webdriver.py", line 252, in start_session
    response = self.execute(Command.NEW_SESSION, parameters)
  File "/home/apptrinity19/development/scraping/web_scraper/env/lib/python3.7/site-packages/selenium/webdriver/remote/webdriver.py", line 321, in execute
    self.error_handler.check_response(response)
  File "/home/apptrinity19/development/scraping/web_scraper/env/lib/python3.7/site-packages/selenium/webdriver/remote/errorhandler.py", line 242, in check_response
    raise exception_class(message, screen, stacktrace)
selenium.common.exceptions.SessionNotCreatedException: Message: session not created: This version of ChromeDriver only supports Chrome version 78

Traceback (most recent call last):
  File "/home/apptrinity19/development/scraping/web_scraper/door_hanger.py", line 220, in <module>
    driver = init_driver()
  File "/home/apptrinity19/development/scraping/web_scraper/door_hanger.py", line 39, in init_driver
    driver = webdriver.Chrome("/usr/lib/chromium-browser/chromedriver", options=options)
  File "/home/apptrinity19/development/scraping/web_scraper/env/lib/python3.7/site-packages/selenium/webdriver/chrome/webdriver.py", line 81, in __init__
    desired_capabilities=desired_capabilities)
  File "/home/apptrinity19/development/scraping/web_scraper/env/lib/python3.7/site-packages/selenium/webdriver/remote/webdriver.py", line 157, in __init__
    self.start_session(capabilities, browser_profile)
  File "/home/apptrinity19/development/scraping/web_scraper/env/lib/python3.7/site-packages/selenium/webdriver/remote/webdriver.py", line 252, in start_session
    response = self.execute(Command.NEW_SESSION, parameters)
  File "/home/apptrinity19/development/scraping/web_scraper/env/lib/python3.7/site-packages/selenium/webdriver/remote/webdriver.py", line 321, in execute
    self.error_handler.check_response(response)
  File "/home/apptrinity19/development/scraping/web_scraper/env/lib/python3.7/site-packages/selenium/webdriver/remote/errorhandler.py", line 242, in check_response
    raise exception_class(message, screen, stacktrace)
selenium.common.exceptions.SessionNotCreatedException: Message: session not created: This version of ChromeDriver only supports Chrome version 78

Traceback (most recent call last):
  File "/home/apptrinity19/development/scraping/web_scraper/door_hanger.py", line 220, in <module>
    driver = init_driver()
  File "/home/apptrinity19/development/scraping/web_scraper/door_hanger.py", line 39, in init_driver
    driver = webdriver.Chrome("/usr/lib/chromium-browser/chromedriver", options=options)
  File "/home/apptrinity19/development/scraping/web_scraper/env/lib/python3.7/site-packages/selenium/webdriver/chrome/webdriver.py", line 81, in __init__
    desired_capabilities=desired_capabilities)
  File "/home/apptrinity19/development/scraping/web_scraper/env/lib/python3.7/site-packages/selenium/webdriver/remote/webdriver.py", line 157, in __init__
    self.start_session(capabilities, browser_profile)
  File "/home/apptrinity19/development/scraping/web_scraper/env/lib/python3.7/site-packages/selenium/webdriver/remote/webdriver.py", line 252, in start_session
    response = self.execute(Command.NEW_SESSION, parameters)
  File "/home/apptrinity19/development/scraping/web_scraper/env/lib/python3.7/site-packages/selenium/webdriver/remote/webdriver.py", line 321, in execute
    self.error_handler.check_response(response)
  File "/home/apptrinity19/development/scraping/web_scraper/env/lib/python3.7/site-packages/selenium/webdriver/remote/errorhandler.py", line 242, in check_response
    raise exception_class(message, screen, stacktrace)
selenium.common.exceptions.SessionNotCreatedException: Message: session not created: This version of ChromeDriver only supports Chrome version 78

Traceback (most recent call last):
  File "/home/apptrinity19/development/scraping/web_scraper/door_hanger.py", line 220, in <module>
    driver = init_driver()
  File "/home/apptrinity19/development/scraping/web_scraper/door_hanger.py", line 39, in init_driver
    driver = webdriver.Chrome("/usr/lib/chromium-browser/chromedriver", options=options)
  File "/home/apptrinity19/development/scraping/web_scraper/env/lib/python3.7/site-packages/selenium/webdriver/chrome/webdriver.py", line 81, in __init__
    desired_capabilities=desired_capabilities)
  File "/home/apptrinity19/development/scraping/web_scraper/env/lib/python3.7/site-packages/selenium/webdriver/remote/webdriver.py", line 157, in __init__
    self.start_session(capabilities, browser_profile)
  File "/home/apptrinity19/development/scraping/web_scraper/env/lib/python3.7/site-packages/selenium/webdriver/remote/webdriver.py", line 252, in start_session
    response = self.execute(Command.NEW_SESSION, parameters)
  File "/home/apptrinity19/development/scraping/web_scraper/env/lib/python3.7/site-packages/selenium/webdriver/remote/webdriver.py", line 321, in execute
    self.error_handler.check_response(response)
  File "/home/apptrinity19/development/scraping/web_scraper/env/lib/python3.7/site-packages/selenium/webdriver/remote/errorhandler.py", line 242, in check_response
    raise exception_class(message, screen, stacktrace)
selenium.common.exceptions.SessionNotCreatedException: Message: session not created: This version of ChromeDriver only supports Chrome version 78

Traceback (most recent call last):
  File "/home/apptrinity19/development/scraping/web_scraper/door_hanger.py", line 220, in <module>
    driver = init_driver()
  File "/home/apptrinity19/development/scraping/web_scraper/door_hanger.py", line 39, in init_driver
    driver = webdriver.Chrome("/usr/lib/chromium-browser/chromedriver", options=options)
  File "/home/apptrinity19/development/scraping/web_scraper/env/lib/python3.7/site-packages/selenium/webdriver/chrome/webdriver.py", line 81, in __init__
    desired_capabilities=desired_capabilities)
  File "/home/apptrinity19/development/scraping/web_scraper/env/lib/python3.7/site-packages/selenium/webdriver/remote/webdriver.py", line 157, in __init__
    self.start_session(capabilities, browser_profile)
  File "/home/apptrinity19/development/scraping/web_scraper/env/lib/python3.7/site-packages/selenium/webdriver/remote/webdriver.py", line 252, in start_session
    response = self.execute(Command.NEW_SESSION, parameters)
  File "/home/apptrinity19/development/scraping/web_scraper/env/lib/python3.7/site-packages/selenium/webdriver/remote/webdriver.py", line 321, in execute
    self.error_handler.check_response(response)
  File "/home/apptrinity19/development/scraping/web_scraper/env/lib/python3.7/site-packages/selenium/webdriver/remote/errorhandler.py", line 242, in check_response
    raise exception_class(message, screen, stacktrace)
selenium.common.exceptions.SessionNotCreatedException: Message: session not created: This version of ChromeDriver only supports Chrome version 78

Traceback (most recent call last):
  File "/home/apptrinity19/development/scraping/web_scraper/door_hanger.py", line 220, in <module>
    driver = init_driver()
  File "/home/apptrinity19/development/scraping/web_scraper/door_hanger.py", line 39, in init_driver
    driver = webdriver.Chrome("/usr/lib/chromium-browser/chromedriver", options=options)
  File "/home/apptrinity19/development/scraping/web_scraper/env/lib/python3.7/site-packages/selenium/webdriver/chrome/webdriver.py", line 81, in __init__
    desired_capabilities=desired_capabilities)
  File "/home/apptrinity19/development/scraping/web_scraper/env/lib/python3.7/site-packages/selenium/webdriver/remote/webdriver.py", line 157, in __init__
    self.start_session(capabilities, browser_profile)
  File "/home/apptrinity19/development/scraping/web_scraper/env/lib/python3.7/site-packages/selenium/webdriver/remote/webdriver.py", line 252, in start_session
    response = self.execute(Command.NEW_SESSION, parameters)
  File "/home/apptrinity19/development/scraping/web_scraper/env/lib/python3.7/site-packages/selenium/webdriver/remote/webdriver.py", line 321, in execute
    self.error_handler.check_response(response)
  File "/home/apptrinity19/development/scraping/web_scraper/env/lib/python3.7/site-packages/selenium/webdriver/remote/errorhandler.py", line 242, in check_response
    raise exception_class(message, screen, stacktrace)
selenium.common.exceptions.SessionNotCreatedException: Message: session not created: This version of ChromeDriver only supports Chrome version 78

Traceback (most recent call last):
  File "/home/apptrinity19/development/scraping/web_scraper/door_hanger.py", line 220, in <module>
    driver = init_driver()
  File "/home/apptrinity19/development/scraping/web_scraper/door_hanger.py", line 39, in init_driver
    driver = webdriver.Chrome("/usr/lib/chromium-browser/chromedriver", options=options)
  File "/home/apptrinity19/development/scraping/web_scraper/env/lib/python3.7/site-packages/selenium/webdriver/chrome/webdriver.py", line 81, in __init__
    desired_capabilities=desired_capabilities)
  File "/home/apptrinity19/development/scraping/web_scraper/env/lib/python3.7/site-packages/selenium/webdriver/remote/webdriver.py", line 157, in __init__
    self.start_session(capabilities, browser_profile)
  File "/home/apptrinity19/development/scraping/web_scraper/env/lib/python3.7/site-packages/selenium/webdriver/remote/webdriver.py", line 252, in start_session
    response = self.execute(Command.NEW_SESSION, parameters)
  File "/home/apptrinity19/development/scraping/web_scraper/env/lib/python3.7/site-packages/selenium/webdriver/remote/webdriver.py", line 321, in execute
    self.error_handler.check_response(response)
  File "/home/apptrinity19/development/scraping/web_scraper/env/lib/python3.7/site-packages/selenium/webdriver/remote/errorhandler.py", line 242, in check_response
    raise exception_class(message, screen, stacktrace)
selenium.common.exceptions.SessionNotCreatedException: Message: session not created: This version of ChromeDriver only supports Chrome version 78

Traceback (most recent call last):
  File "/home/apptrinity19/development/scraping/web_scraper/door_hanger.py", line 220, in <module>
    driver = init_driver()
  File "/home/apptrinity19/development/scraping/web_scraper/door_hanger.py", line 39, in init_driver
    driver = webdriver.Chrome("/usr/lib/chromium-browser/chromedriver", options=options)
  File "/home/apptrinity19/development/scraping/web_scraper/env/lib/python3.7/site-packages/selenium/webdriver/chrome/webdriver.py", line 81, in __init__
    desired_capabilities=desired_capabilities)
  File "/home/apptrinity19/development/scraping/web_scraper/env/lib/python3.7/site-packages/selenium/webdriver/remote/webdriver.py", line 157, in __init__
    self.start_session(capabilities, browser_profile)
  File "/home/apptrinity19/development/scraping/web_scraper/env/lib/python3.7/site-packages/selenium/webdriver/remote/webdriver.py", line 252, in start_session
    response = self.execute(Command.NEW_SESSION, parameters)
  File "/home/apptrinity19/development/scraping/web_scraper/env/lib/python3.7/site-packages/selenium/webdriver/remote/webdriver.py", line 321, in execute
    self.error_handler.check_response(response)
  File "/home/apptrinity19/development/scraping/web_scraper/env/lib/python3.7/site-packages/selenium/webdriver/remote/errorhandler.py", line 242, in check_response
    raise exception_class(message, screen, stacktrace)
selenium.common.exceptions.SessionNotCreatedException: Message: session not created: This version of ChromeDriver only supports Chrome version 78

Traceback (most recent call last):
  File "/home/apptrinity19/development/scraping/web_scraper/door_hanger.py", line 220, in <module>
    driver = init_driver()
  File "/home/apptrinity19/development/scraping/web_scraper/door_hanger.py", line 39, in init_driver
    driver = webdriver.Chrome("/usr/lib/chromium-browser/chromedriver", options=options)
  File "/home/apptrinity19/development/scraping/web_scraper/env/lib/python3.7/site-packages/selenium/webdriver/chrome/webdriver.py", line 81, in __init__
    desired_capabilities=desired_capabilities)
  File "/home/apptrinity19/development/scraping/web_scraper/env/lib/python3.7/site-packages/selenium/webdriver/remote/webdriver.py", line 157, in __init__
    self.start_session(capabilities, browser_profile)
  File "/home/apptrinity19/development/scraping/web_scraper/env/lib/python3.7/site-packages/selenium/webdriver/remote/webdriver.py", line 252, in start_session
    response = self.execute(Command.NEW_SESSION, parameters)
  File "/home/apptrinity19/development/scraping/web_scraper/env/lib/python3.7/site-packages/selenium/webdriver/remote/webdriver.py", line 321, in execute
    self.error_handler.check_response(response)
  File "/home/apptrinity19/development/scraping/web_scraper/env/lib/python3.7/site-packages/selenium/webdriver/remote/errorhandler.py", line 242, in check_response
    raise exception_class(message, screen, stacktrace)
selenium.common.exceptions.SessionNotCreatedException: Message: session not created: This version of ChromeDriver only supports Chrome version 78

Traceback (most recent call last):
  File "/home/apptrinity19/development/scraping/web_scraper/door_hanger.py", line 220, in <module>
    driver = init_driver()
  File "/home/apptrinity19/development/scraping/web_scraper/door_hanger.py", line 39, in init_driver
    driver = webdriver.Chrome("/usr/lib/chromium-browser/chromedriver", options=options)
  File "/home/apptrinity19/development/scraping/web_scraper/env/lib/python3.7/site-packages/selenium/webdriver/chrome/webdriver.py", line 81, in __init__
    desired_capabilities=desired_capabilities)
  File "/home/apptrinity19/development/scraping/web_scraper/env/lib/python3.7/site-packages/selenium/webdriver/remote/webdriver.py", line 157, in __init__
    self.start_session(capabilities, browser_profile)
  File "/home/apptrinity19/development/scraping/web_scraper/env/lib/python3.7/site-packages/selenium/webdriver/remote/webdriver.py", line 252, in start_session
    response = self.execute(Command.NEW_SESSION, parameters)
  File "/home/apptrinity19/development/scraping/web_scraper/env/lib/python3.7/site-packages/selenium/webdriver/remote/webdriver.py", line 321, in execute
    self.error_handler.check_response(response)
  File "/home/apptrinity19/development/scraping/web_scraper/env/lib/python3.7/site-packages/selenium/webdriver/remote/errorhandler.py", line 242, in check_response
    raise exception_class(message, screen, stacktrace)
selenium.common.exceptions.SessionNotCreatedException: Message: session not created: This version of ChromeDriver only supports Chrome version 78

Traceback (most recent call last):
  File "/home/apptrinity19/development/scraping/web_scraper/door_hanger.py", line 220, in <module>
    driver = init_driver()
  File "/home/apptrinity19/development/scraping/web_scraper/door_hanger.py", line 39, in init_driver
    driver = webdriver.Chrome("/usr/lib/chromium-browser/chromedriver", options=options)
  File "/home/apptrinity19/development/scraping/web_scraper/env/lib/python3.7/site-packages/selenium/webdriver/chrome/webdriver.py", line 81, in __init__
    desired_capabilities=desired_capabilities)
  File "/home/apptrinity19/development/scraping/web_scraper/env/lib/python3.7/site-packages/selenium/webdriver/remote/webdriver.py", line 157, in __init__
    self.start_session(capabilities, browser_profile)
  File "/home/apptrinity19/development/scraping/web_scraper/env/lib/python3.7/site-packages/selenium/webdriver/remote/webdriver.py", line 252, in start_session
    response = self.execute(Command.NEW_SESSION, parameters)
  File "/home/apptrinity19/development/scraping/web_scraper/env/lib/python3.7/site-packages/selenium/webdriver/remote/webdriver.py", line 321, in execute
    self.error_handler.check_response(response)
  File "/home/apptrinity19/development/scraping/web_scraper/env/lib/python3.7/site-packages/selenium/webdriver/remote/errorhandler.py", line 242, in check_response
    raise exception_class(message, screen, stacktrace)
selenium.common.exceptions.SessionNotCreatedException: Message: session not created: This version of ChromeDriver only supports Chrome version 78

Traceback (most recent call last):
  File "/home/apptrinity19/development/scraping/web_scraper/door_hanger.py", line 220, in <module>
    driver = init_driver()
  File "/home/apptrinity19/development/scraping/web_scraper/door_hanger.py", line 39, in init_driver
    driver = webdriver.Chrome("/usr/lib/chromium-browser/chromedriver", options=options)
  File "/home/apptrinity19/development/scraping/web_scraper/env/lib/python3.7/site-packages/selenium/webdriver/chrome/webdriver.py", line 81, in __init__
    desired_capabilities=desired_capabilities)
  File "/home/apptrinity19/development/scraping/web_scraper/env/lib/python3.7/site-packages/selenium/webdriver/remote/webdriver.py", line 157, in __init__
    self.start_session(capabilities, browser_profile)
  File "/home/apptrinity19/development/scraping/web_scraper/env/lib/python3.7/site-packages/selenium/webdriver/remote/webdriver.py", line 252, in start_session
    response = self.execute(Command.NEW_SESSION, parameters)
  File "/home/apptrinity19/development/scraping/web_scraper/env/lib/python3.7/site-packages/selenium/webdriver/remote/webdriver.py", line 321, in execute
    self.error_handler.check_response(response)
  File "/home/apptrinity19/development/scraping/web_scraper/env/lib/python3.7/site-packages/selenium/webdriver/remote/errorhandler.py", line 242, in check_response
    raise exception_class(message, screen, stacktrace)
selenium.common.exceptions.SessionNotCreatedException: Message: session not created: This version of ChromeDriver only supports Chrome version 78

Traceback (most recent call last):
  File "/home/apptrinity19/development/scraping/web_scraper/door_hanger.py", line 220, in <module>
    driver = init_driver()
  File "/home/apptrinity19/development/scraping/web_scraper/door_hanger.py", line 39, in init_driver
    driver = webdriver.Chrome("/usr/lib/chromium-browser/chromedriver", options=options)
  File "/home/apptrinity19/development/scraping/web_scraper/env/lib/python3.7/site-packages/selenium/webdriver/chrome/webdriver.py", line 81, in __init__
    desired_capabilities=desired_capabilities)
  File "/home/apptrinity19/development/scraping/web_scraper/env/lib/python3.7/site-packages/selenium/webdriver/remote/webdriver.py", line 157, in __init__
    self.start_session(capabilities, browser_profile)
  File "/home/apptrinity19/development/scraping/web_scraper/env/lib/python3.7/site-packages/selenium/webdriver/remote/webdriver.py", line 252, in start_session
    response = self.execute(Command.NEW_SESSION, parameters)
  File "/home/apptrinity19/development/scraping/web_scraper/env/lib/python3.7/site-packages/selenium/webdriver/remote/webdriver.py", line 321, in execute
    self.error_handler.check_response(response)
  File "/home/apptrinity19/development/scraping/web_scraper/env/lib/python3.7/site-packages/selenium/webdriver/remote/errorhandler.py", line 242, in check_response
    raise exception_class(message, screen, stacktrace)
selenium.common.exceptions.SessionNotCreatedException: Message: session not created: This version of ChromeDriver only supports Chrome version 78

Traceback (most recent call last):
  File "/home/apptrinity19/development/scraping/web_scraper/door_hanger.py", line 220, in <module>
    driver = init_driver()
  File "/home/apptrinity19/development/scraping/web_scraper/door_hanger.py", line 39, in init_driver
    driver = webdriver.Chrome("/usr/lib/chromium-browser/chromedriver", options=options)
  File "/home/apptrinity19/development/scraping/web_scraper/env/lib/python3.7/site-packages/selenium/webdriver/chrome/webdriver.py", line 81, in __init__
    desired_capabilities=desired_capabilities)
  File "/home/apptrinity19/development/scraping/web_scraper/env/lib/python3.7/site-packages/selenium/webdriver/remote/webdriver.py", line 157, in __init__
    self.start_session(capabilities, browser_profile)
  File "/home/apptrinity19/development/scraping/web_scraper/env/lib/python3.7/site-packages/selenium/webdriver/remote/webdriver.py", line 252, in start_session
    response = self.execute(Command.NEW_SESSION, parameters)
  File "/home/apptrinity19/development/scraping/web_scraper/env/lib/python3.7/site-packages/selenium/webdriver/remote/webdriver.py", line 321, in execute
    self.error_handler.check_response(response)
  File "/home/apptrinity19/development/scraping/web_scraper/env/lib/python3.7/site-packages/selenium/webdriver/remote/errorhandler.py", line 242, in check_response
    raise exception_class(message, screen, stacktrace)
selenium.common.exceptions.SessionNotCreatedException: Message: session not created: This version of ChromeDriver only supports Chrome version 78

Traceback (most recent call last):
  File "/home/apptrinity19/development/scraping/web_scraper/door_hanger.py", line 220, in <module>
    driver = init_driver()
  File "/home/apptrinity19/development/scraping/web_scraper/door_hanger.py", line 39, in init_driver
    driver = webdriver.Chrome("/usr/lib/chromium-browser/chromedriver", options=options)
  File "/home/apptrinity19/development/scraping/web_scraper/env/lib/python3.7/site-packages/selenium/webdriver/chrome/webdriver.py", line 81, in __init__
    desired_capabilities=desired_capabilities)
  File "/home/apptrinity19/development/scraping/web_scraper/env/lib/python3.7/site-packages/selenium/webdriver/remote/webdriver.py", line 157, in __init__
    self.start_session(capabilities, browser_profile)
  File "/home/apptrinity19/development/scraping/web_scraper/env/lib/python3.7/site-packages/selenium/webdriver/remote/webdriver.py", line 252, in start_session
    response = self.execute(Command.NEW_SESSION, parameters)
  File "/home/apptrinity19/development/scraping/web_scraper/env/lib/python3.7/site-packages/selenium/webdriver/remote/webdriver.py", line 321, in execute
    self.error_handler.check_response(response)
  File "/home/apptrinity19/development/scraping/web_scraper/env/lib/python3.7/site-packages/selenium/webdriver/remote/errorhandler.py", line 242, in check_response
    raise exception_class(message, screen, stacktrace)
selenium.common.exceptions.SessionNotCreatedException: Message: session not created: This version of ChromeDriver only supports Chrome version 78

Traceback (most recent call last):
  File "/home/apptrinity19/development/scraping/web_scraper/door_hanger.py", line 220, in <module>
    driver = init_driver()
  File "/home/apptrinity19/development/scraping/web_scraper/door_hanger.py", line 39, in init_driver
    driver = webdriver.Chrome("/usr/lib/chromium-browser/chromedriver", options=options)
  File "/home/apptrinity19/development/scraping/web_scraper/env/lib/python3.7/site-packages/selenium/webdriver/chrome/webdriver.py", line 81, in __init__
    desired_capabilities=desired_capabilities)
  File "/home/apptrinity19/development/scraping/web_scraper/env/lib/python3.7/site-packages/selenium/webdriver/remote/webdriver.py", line 157, in __init__
    self.start_session(capabilities, browser_profile)
  File "/home/apptrinity19/development/scraping/web_scraper/env/lib/python3.7/site-packages/selenium/webdriver/remote/webdriver.py", line 252, in start_session
    response = self.execute(Command.NEW_SESSION, parameters)
  File "/home/apptrinity19/development/scraping/web_scraper/env/lib/python3.7/site-packages/selenium/webdriver/remote/webdriver.py", line 321, in execute
    self.error_handler.check_response(response)
  File "/home/apptrinity19/development/scraping/web_scraper/env/lib/python3.7/site-packages/selenium/webdriver/remote/errorhandler.py", line 242, in check_response
    raise exception_class(message, screen, stacktrace)
selenium.common.exceptions.SessionNotCreatedException: Message: session not created: This version of ChromeDriver only supports Chrome version 78

Traceback (most recent call last):
  File "/home/apptrinity19/development/scraping/web_scraper/door_hanger.py", line 220, in <module>
    driver = init_driver()
  File "/home/apptrinity19/development/scraping/web_scraper/door_hanger.py", line 39, in init_driver
    driver = webdriver.Chrome("/usr/lib/chromium-browser/chromedriver", options=options)
  File "/home/apptrinity19/development/scraping/web_scraper/env/lib/python3.7/site-packages/selenium/webdriver/chrome/webdriver.py", line 81, in __init__
    desired_capabilities=desired_capabilities)
  File "/home/apptrinity19/development/scraping/web_scraper/env/lib/python3.7/site-packages/selenium/webdriver/remote/webdriver.py", line 157, in __init__
    self.start_session(capabilities, browser_profile)
  File "/home/apptrinity19/development/scraping/web_scraper/env/lib/python3.7/site-packages/selenium/webdriver/remote/webdriver.py", line 252, in start_session
    response = self.execute(Command.NEW_SESSION, parameters)
  File "/home/apptrinity19/development/scraping/web_scraper/env/lib/python3.7/site-packages/selenium/webdriver/remote/webdriver.py", line 321, in execute
    self.error_handler.check_response(response)
  File "/home/apptrinity19/development/scraping/web_scraper/env/lib/python3.7/site-packages/selenium/webdriver/remote/errorhandler.py", line 242, in check_response
    raise exception_class(message, screen, stacktrace)
selenium.common.exceptions.SessionNotCreatedException: Message: session not created: This version of ChromeDriver only supports Chrome version 78

Traceback (most recent call last):
  File "/home/apptrinity19/development/scraping/web_scraper/door_hanger.py", line 220, in <module>
    driver = init_driver()
  File "/home/apptrinity19/development/scraping/web_scraper/door_hanger.py", line 39, in init_driver
    driver = webdriver.Chrome("/usr/lib/chromium-browser/chromedriver", options=options)
  File "/home/apptrinity19/development/scraping/web_scraper/env/lib/python3.7/site-packages/selenium/webdriver/chrome/webdriver.py", line 81, in __init__
    desired_capabilities=desired_capabilities)
  File "/home/apptrinity19/development/scraping/web_scraper/env/lib/python3.7/site-packages/selenium/webdriver/remote/webdriver.py", line 157, in __init__
    self.start_session(capabilities, browser_profile)
  File "/home/apptrinity19/development/scraping/web_scraper/env/lib/python3.7/site-packages/selenium/webdriver/remote/webdriver.py", line 252, in start_session
    response = self.execute(Command.NEW_SESSION, parameters)
  File "/home/apptrinity19/development/scraping/web_scraper/env/lib/python3.7/site-packages/selenium/webdriver/remote/webdriver.py", line 321, in execute
    self.error_handler.check_response(response)
  File "/home/apptrinity19/development/scraping/web_scraper/env/lib/python3.7/site-packages/selenium/webdriver/remote/errorhandler.py", line 242, in check_response
    raise exception_class(message, screen, stacktrace)
selenium.common.exceptions.SessionNotCreatedException: Message: session not created: This version of ChromeDriver only supports Chrome version 78

Traceback (most recent call last):
  File "/home/apptrinity19/development/scraping/web_scraper/door_hanger.py", line 220, in <module>
    driver = init_driver()
  File "/home/apptrinity19/development/scraping/web_scraper/door_hanger.py", line 39, in init_driver
    driver = webdriver.Chrome("/usr/lib/chromium-browser/chromedriver", options=options)
  File "/home/apptrinity19/development/scraping/web_scraper/env/lib/python3.7/site-packages/selenium/webdriver/chrome/webdriver.py", line 81, in __init__
    desired_capabilities=desired_capabilities)
  File "/home/apptrinity19/development/scraping/web_scraper/env/lib/python3.7/site-packages/selenium/webdriver/remote/webdriver.py", line 157, in __init__
    self.start_session(capabilities, browser_profile)
  File "/home/apptrinity19/development/scraping/web_scraper/env/lib/python3.7/site-packages/selenium/webdriver/remote/webdriver.py", line 252, in start_session
    response = self.execute(Command.NEW_SESSION, parameters)
  File "/home/apptrinity19/development/scraping/web_scraper/env/lib/python3.7/site-packages/selenium/webdriver/remote/webdriver.py", line 321, in execute
    self.error_handler.check_response(response)
  File "/home/apptrinity19/development/scraping/web_scraper/env/lib/python3.7/site-packages/selenium/webdriver/remote/errorhandler.py", line 242, in check_response
    raise exception_class(message, screen, stacktrace)
selenium.common.exceptions.SessionNotCreatedException: Message: session not created: This version of ChromeDriver only supports Chrome version 78

Traceback (most recent call last):
  File "/home/apptrinity19/development/scraping/web_scraper/door_hanger.py", line 220, in <module>
    driver = init_driver()
  File "/home/apptrinity19/development/scraping/web_scraper/door_hanger.py", line 39, in init_driver
    driver = webdriver.Chrome("/usr/lib/chromium-browser/chromedriver", options=options)
  File "/home/apptrinity19/development/scraping/web_scraper/env/lib/python3.7/site-packages/selenium/webdriver/chrome/webdriver.py", line 81, in __init__
    desired_capabilities=desired_capabilities)
  File "/home/apptrinity19/development/scraping/web_scraper/env/lib/python3.7/site-packages/selenium/webdriver/remote/webdriver.py", line 157, in __init__
    self.start_session(capabilities, browser_profile)
  File "/home/apptrinity19/development/scraping/web_scraper/env/lib/python3.7/site-packages/selenium/webdriver/remote/webdriver.py", line 252, in start_session
    response = self.execute(Command.NEW_SESSION, parameters)
  File "/home/apptrinity19/development/scraping/web_scraper/env/lib/python3.7/site-packages/selenium/webdriver/remote/webdriver.py", line 321, in execute
    self.error_handler.check_response(response)
  File "/home/apptrinity19/development/scraping/web_scraper/env/lib/python3.7/site-packages/selenium/webdriver/remote/errorhandler.py", line 242, in check_response
    raise exception_class(message, screen, stacktrace)
selenium.common.exceptions.SessionNotCreatedException: Message: session not created: This version of ChromeDriver only supports Chrome version 78

Traceback (most recent call last):
  File "/home/apptrinity19/development/scraping/web_scraper/door_hanger.py", line 220, in <module>
    driver = init_driver()
  File "/home/apptrinity19/development/scraping/web_scraper/door_hanger.py", line 39, in init_driver
    driver = webdriver.Chrome("/usr/lib/chromium-browser/chromedriver", options=options)
  File "/home/apptrinity19/development/scraping/web_scraper/env/lib/python3.7/site-packages/selenium/webdriver/chrome/webdriver.py", line 81, in __init__
    desired_capabilities=desired_capabilities)
  File "/home/apptrinity19/development/scraping/web_scraper/env/lib/python3.7/site-packages/selenium/webdriver/remote/webdriver.py", line 157, in __init__
    self.start_session(capabilities, browser_profile)
  File "/home/apptrinity19/development/scraping/web_scraper/env/lib/python3.7/site-packages/selenium/webdriver/remote/webdriver.py", line 252, in start_session
    response = self.execute(Command.NEW_SESSION, parameters)
  File "/home/apptrinity19/development/scraping/web_scraper/env/lib/python3.7/site-packages/selenium/webdriver/remote/webdriver.py", line 321, in execute
    self.error_handler.check_response(response)
  File "/home/apptrinity19/development/scraping/web_scraper/env/lib/python3.7/site-packages/selenium/webdriver/remote/errorhandler.py", line 242, in check_response
    raise exception_class(message, screen, stacktrace)
selenium.common.exceptions.SessionNotCreatedException: Message: session not created: This version of ChromeDriver only supports Chrome version 78

Traceback (most recent call last):
  File "/home/apptrinity19/development/scraping/web_scraper/door_hanger.py", line 220, in <module>
    driver = init_driver()
  File "/home/apptrinity19/development/scraping/web_scraper/door_hanger.py", line 39, in init_driver
    driver = webdriver.Chrome("/usr/lib/chromium-browser/chromedriver", options=options)
  File "/home/apptrinity19/development/scraping/web_scraper/env/lib/python3.7/site-packages/selenium/webdriver/chrome/webdriver.py", line 81, in __init__
    desired_capabilities=desired_capabilities)
  File "/home/apptrinity19/development/scraping/web_scraper/env/lib/python3.7/site-packages/selenium/webdriver/remote/webdriver.py", line 157, in __init__
    self.start_session(capabilities, browser_profile)
  File "/home/apptrinity19/development/scraping/web_scraper/env/lib/python3.7/site-packages/selenium/webdriver/remote/webdriver.py", line 252, in start_session
    response = self.execute(Command.NEW_SESSION, parameters)
  File "/home/apptrinity19/development/scraping/web_scraper/env/lib/python3.7/site-packages/selenium/webdriver/remote/webdriver.py", line 321, in execute
    self.error_handler.check_response(response)
  File "/home/apptrinity19/development/scraping/web_scraper/env/lib/python3.7/site-packages/selenium/webdriver/remote/errorhandler.py", line 242, in check_response
    raise exception_class(message, screen, stacktrace)
selenium.common.exceptions.SessionNotCreatedException: Message: session not created: This version of ChromeDriver only supports Chrome version 78

Traceback (most recent call last):
  File "/home/apptrinity19/development/scraping/web_scraper/door_hanger.py", line 220, in <module>
    driver = init_driver()
  File "/home/apptrinity19/development/scraping/web_scraper/door_hanger.py", line 39, in init_driver
    driver = webdriver.Chrome("/usr/lib/chromium-browser/chromedriver", options=options)
  File "/home/apptrinity19/development/scraping/web_scraper/env/lib/python3.7/site-packages/selenium/webdriver/chrome/webdriver.py", line 81, in __init__
    desired_capabilities=desired_capabilities)
  File "/home/apptrinity19/development/scraping/web_scraper/env/lib/python3.7/site-packages/selenium/webdriver/remote/webdriver.py", line 157, in __init__
    self.start_session(capabilities, browser_profile)
  File "/home/apptrinity19/development/scraping/web_scraper/env/lib/python3.7/site-packages/selenium/webdriver/remote/webdriver.py", line 252, in start_session
    response = self.execute(Command.NEW_SESSION, parameters)
  File "/home/apptrinity19/development/scraping/web_scraper/env/lib/python3.7/site-packages/selenium/webdriver/remote/webdriver.py", line 321, in execute
    self.error_handler.check_response(response)
  File "/home/apptrinity19/development/scraping/web_scraper/env/lib/python3.7/site-packages/selenium/webdriver/remote/errorhandler.py", line 242, in check_response
    raise exception_class(message, screen, stacktrace)
selenium.common.exceptions.SessionNotCreatedException: Message: session not created: This version of ChromeDriver only supports Chrome version 78

Traceback (most recent call last):
  File "/home/apptrinity19/development/scraping/web_scraper/door_hanger.py", line 220, in <module>
    driver = init_driver()
  File "/home/apptrinity19/development/scraping/web_scraper/door_hanger.py", line 39, in init_driver
    driver = webdriver.Chrome("/usr/lib/chromium-browser/chromedriver", options=options)
  File "/home/apptrinity19/development/scraping/web_scraper/env/lib/python3.7/site-packages/selenium/webdriver/chrome/webdriver.py", line 81, in __init__
    desired_capabilities=desired_capabilities)
  File "/home/apptrinity19/development/scraping/web_scraper/env/lib/python3.7/site-packages/selenium/webdriver/remote/webdriver.py", line 157, in __init__
    self.start_session(capabilities, browser_profile)
  File "/home/apptrinity19/development/scraping/web_scraper/env/lib/python3.7/site-packages/selenium/webdriver/remote/webdriver.py", line 252, in start_session
    response = self.execute(Command.NEW_SESSION, parameters)
  File "/home/apptrinity19/development/scraping/web_scraper/env/lib/python3.7/site-packages/selenium/webdriver/remote/webdriver.py", line 321, in execute
    self.error_handler.check_response(response)
  File "/home/apptrinity19/development/scraping/web_scraper/env/lib/python3.7/site-packages/selenium/webdriver/remote/errorhandler.py", line 242, in check_response
    raise exception_class(message, screen, stacktrace)
selenium.common.exceptions.SessionNotCreatedException: Message: session not created: This version of ChromeDriver only supports Chrome version 78

Traceback (most recent call last):
  File "/home/apptrinity19/development/scraping/web_scraper/door_hanger.py", line 220, in <module>
    driver = init_driver()
  File "/home/apptrinity19/development/scraping/web_scraper/door_hanger.py", line 39, in init_driver
    driver = webdriver.Chrome("/usr/lib/chromium-browser/chromedriver", options=options)
  File "/home/apptrinity19/development/scraping/web_scraper/env/lib/python3.7/site-packages/selenium/webdriver/chrome/webdriver.py", line 81, in __init__
    desired_capabilities=desired_capabilities)
  File "/home/apptrinity19/development/scraping/web_scraper/env/lib/python3.7/site-packages/selenium/webdriver/remote/webdriver.py", line 157, in __init__
    self.start_session(capabilities, browser_profile)
  File "/home/apptrinity19/development/scraping/web_scraper/env/lib/python3.7/site-packages/selenium/webdriver/remote/webdriver.py", line 252, in start_session
    response = self.execute(Command.NEW_SESSION, parameters)
  File "/home/apptrinity19/development/scraping/web_scraper/env/lib/python3.7/site-packages/selenium/webdriver/remote/webdriver.py", line 321, in execute
    self.error_handler.check_response(response)
  File "/home/apptrinity19/development/scraping/web_scraper/env/lib/python3.7/site-packages/selenium/webdriver/remote/errorhandler.py", line 242, in check_response
    raise exception_class(message, screen, stacktrace)
selenium.common.exceptions.SessionNotCreatedException: Message: session not created: This version of ChromeDriver only supports Chrome version 78

Traceback (most recent call last):
  File "/home/apptrinity19/development/scraping/web_scraper/door_hanger.py", line 220, in <module>
    driver = init_driver()
  File "/home/apptrinity19/development/scraping/web_scraper/door_hanger.py", line 39, in init_driver
    driver = webdriver.Chrome("/usr/lib/chromium-browser/chromedriver", options=options)
  File "/home/apptrinity19/development/scraping/web_scraper/env/lib/python3.7/site-packages/selenium/webdriver/chrome/webdriver.py", line 81, in __init__
    desired_capabilities=desired_capabilities)
  File "/home/apptrinity19/development/scraping/web_scraper/env/lib/python3.7/site-packages/selenium/webdriver/remote/webdriver.py", line 157, in __init__
    self.start_session(capabilities, browser_profile)
  File "/home/apptrinity19/development/scraping/web_scraper/env/lib/python3.7/site-packages/selenium/webdriver/remote/webdriver.py", line 252, in start_session
    response = self.execute(Command.NEW_SESSION, parameters)
  File "/home/apptrinity19/development/scraping/web_scraper/env/lib/python3.7/site-packages/selenium/webdriver/remote/webdriver.py", line 321, in execute
    self.error_handler.check_response(response)
  File "/home/apptrinity19/development/scraping/web_scraper/env/lib/python3.7/site-packages/selenium/webdriver/remote/errorhandler.py", line 242, in check_response
    raise exception_class(message, screen, stacktrace)
selenium.common.exceptions.SessionNotCreatedException: Message: session not created: This version of ChromeDriver only supports Chrome version 78

