5544
list index out of range
list index out of range
list index out of range
End--- 8083.432236909866 seconds ---
5544
list index out of range
list index out of range
list index out of range
list index out of range
list index out of range
list index out of range
list index out of range
list index out of range
list index out of range
list index out of range
list index out of range
list index out of range
list index out of range
list index out of range
list index out of range
list index out of range
list index out of range
list index out of range
list index out of range
list index out of range
list index out of range
list index out of range
list index out of range
list index out of range
list index out of range
list index out of range
list index out of range
list index out of range
list index out of range
list index out of range
list index out of range
list index out of range
list index out of range
list index out of range
list index out of range
list index out of range
list index out of range
list index out of range
list index out of range
list index out of range
list index out of range
list index out of range
list index out of range
list index out of range
list index out of range
list index out of range
list index out of range
list index out of range
list index out of range
list index out of range
list index out of range
list index out of range
list index out of range
list index out of range
list index out of range
list index out of range
list index out of range
list index out of range
list index out of range
list index out of range
list index out of range
list index out of range
list index out of range
list index out of range
list index out of range
list index out of range
list index out of range
list index out of range
list index out of range
list index out of range
list index out of range
list index out of range
list index out of range
list index out of range
list index out of range
list index out of range
list index out of range
list index out of range
list index out of range
list index out of range
list index out of range
list index out of range
list index out of range
list index out of range
list index out of range
list index out of range
list index out of range
list index out of range
list index out of range
list index out of range
list index out of range
list index out of range
list index out of range
list index out of range
list index out of range
list index out of range
list index out of range
list index out of range
list index out of range
list index out of range
list index out of range
list index out of range
list index out of range
list index out of range
list index out of range
list index out of range
list index out of range
list index out of range
list index out of range
list index out of range
list index out of range
list index out of range
list index out of range
list index out of range
list index out of range
list index out of range
list index out of range
list index out of range
list index out of range
list index out of range
list index out of range
list index out of range
list index out of range
list index out of range
list index out of range
list index out of range
list index out of range
list index out of range
list index out of range
list index out of range
list index out of range
list index out of range
list index out of range
list index out of range
list index out of range
list index out of range
list index out of range
list index out of range
list index out of range
list index out of range
list index out of range
list index out of range
list index out of range
list index out of range
list index out of range
list index out of range
list index out of range
list index out of range
list index out of range
list index out of range
list index out of range
list index out of range
list index out of range
list index out of range
list index out of range
list index out of range
list index out of range
list index out of range
list index out of range
list index out of range
list index out of range
list index out of range
list index out of range
list index out of range
list index out of range
list index out of range
list index out of range
list index out of range
list index out of range
list index out of range
list index out of range
list index out of range
list index out of range
list index out of range
list index out of range
list index out of range
list index out of range
list index out of range
list index out of range
list index out of range
list index out of range
list index out of range
list index out of range
list index out of range
list index out of range
list index out of range
list index out of range
list index out of range
list index out of range
list index out of range
list index out of range
list index out of range
list index out of range
list index out of range
list index out of range
list index out of range
list index out of range
list index out of range
list index out of range
list index out of range
list index out of range
list index out of range
list index out of range
list index out of range
list index out of range
list index out of range
list index out of range
list index out of range
list index out of range
list index out of range
list index out of range
list index out of range
list index out of range
list index out of range
list index out of range
list index out of range
list index out of range
list index out of range
list index out of range
list index out of range
list index out of range
list index out of range
list index out of range
list index out of range
list index out of range
list index out of range
list index out of range
list index out of range
list index out of range
list index out of range
list index out of range
list index out of range
list index out of range
list index out of range
list index out of range
list index out of range
list index out of range
list index out of range
list index out of range
list index out of range
list index out of range
list index out of range
list index out of range
list index out of range
list index out of range
list index out of range
list index out of range
list index out of range
list index out of range
list index out of range
list index out of range
list index out of range
list index out of range
list index out of range
list index out of range
list index out of range
list index out of range
list index out of range
list index out of range
list index out of range
list index out of range
list index out of range
list index out of range
list index out of range
list index out of range
list index out of range
list index out of range
list index out of range
list index out of range
list index out of range
list index out of range
list index out of range
list index out of range
list index out of range
list index out of range
list index out of range
list index out of range
list index out of range
list index out of range
list index out of range
list index out of range
list index out of range
list index out of range
list index out of range
list index out of range
list index out of range
list index out of range
list index out of range
list index out of range
list index out of range
list index out of range
list index out of range
list index out of range
list index out of range
list index out of range
list index out of range
list index out of range
list index out of range
list index out of range
list index out of range
list index out of range
list index out of range
list index out of range
list index out of range
list index out of range
list index out of range
End--- 8130.583168745041 seconds ---
Traceback (most recent call last):
  File "/home/apptrinity19/development/scraping/web_scraper/menu_printing.py", line 221, in <module>
    driver = init_driver()
  File "/home/apptrinity19/development/scraping/web_scraper/menu_printing.py", line 38, in init_driver
    driver = webdriver.Chrome("/usr/lib/chromium-browser/chromedriver", options=options)
  File "/home/apptrinity19/development/scraping/web_scraper/env/lib/python3.7/site-packages/selenium/webdriver/chrome/webdriver.py", line 81, in __init__
    desired_capabilities=desired_capabilities)
  File "/home/apptrinity19/development/scraping/web_scraper/env/lib/python3.7/site-packages/selenium/webdriver/remote/webdriver.py", line 157, in __init__
    self.start_session(capabilities, browser_profile)
  File "/home/apptrinity19/development/scraping/web_scraper/env/lib/python3.7/site-packages/selenium/webdriver/remote/webdriver.py", line 252, in start_session
    response = self.execute(Command.NEW_SESSION, parameters)
  File "/home/apptrinity19/development/scraping/web_scraper/env/lib/python3.7/site-packages/selenium/webdriver/remote/webdriver.py", line 321, in execute
    self.error_handler.check_response(response)
  File "/home/apptrinity19/development/scraping/web_scraper/env/lib/python3.7/site-packages/selenium/webdriver/remote/errorhandler.py", line 242, in check_response
    raise exception_class(message, screen, stacktrace)
selenium.common.exceptions.SessionNotCreatedException: Message: session not created: This version of ChromeDriver only supports Chrome version 78

Traceback (most recent call last):
  File "/home/apptrinity19/development/scraping/web_scraper/menu_printing.py", line 221, in <module>
    driver = init_driver()
  File "/home/apptrinity19/development/scraping/web_scraper/menu_printing.py", line 38, in init_driver
    driver = webdriver.Chrome("/usr/lib/chromium-browser/chromedriver", options=options)
  File "/home/apptrinity19/development/scraping/web_scraper/env/lib/python3.7/site-packages/selenium/webdriver/chrome/webdriver.py", line 81, in __init__
    desired_capabilities=desired_capabilities)
  File "/home/apptrinity19/development/scraping/web_scraper/env/lib/python3.7/site-packages/selenium/webdriver/remote/webdriver.py", line 157, in __init__
    self.start_session(capabilities, browser_profile)
  File "/home/apptrinity19/development/scraping/web_scraper/env/lib/python3.7/site-packages/selenium/webdriver/remote/webdriver.py", line 252, in start_session
    response = self.execute(Command.NEW_SESSION, parameters)
  File "/home/apptrinity19/development/scraping/web_scraper/env/lib/python3.7/site-packages/selenium/webdriver/remote/webdriver.py", line 321, in execute
    self.error_handler.check_response(response)
  File "/home/apptrinity19/development/scraping/web_scraper/env/lib/python3.7/site-packages/selenium/webdriver/remote/errorhandler.py", line 242, in check_response
    raise exception_class(message, screen, stacktrace)
selenium.common.exceptions.SessionNotCreatedException: Message: session not created: This version of ChromeDriver only supports Chrome version 78

Traceback (most recent call last):
  File "/home/apptrinity19/development/scraping/web_scraper/menu_printing.py", line 221, in <module>
    driver = init_driver()
  File "/home/apptrinity19/development/scraping/web_scraper/menu_printing.py", line 38, in init_driver
    driver = webdriver.Chrome("/usr/lib/chromium-browser/chromedriver", options=options)
  File "/home/apptrinity19/development/scraping/web_scraper/env/lib/python3.7/site-packages/selenium/webdriver/chrome/webdriver.py", line 81, in __init__
    desired_capabilities=desired_capabilities)
  File "/home/apptrinity19/development/scraping/web_scraper/env/lib/python3.7/site-packages/selenium/webdriver/remote/webdriver.py", line 157, in __init__
    self.start_session(capabilities, browser_profile)
  File "/home/apptrinity19/development/scraping/web_scraper/env/lib/python3.7/site-packages/selenium/webdriver/remote/webdriver.py", line 252, in start_session
    response = self.execute(Command.NEW_SESSION, parameters)
  File "/home/apptrinity19/development/scraping/web_scraper/env/lib/python3.7/site-packages/selenium/webdriver/remote/webdriver.py", line 321, in execute
    self.error_handler.check_response(response)
  File "/home/apptrinity19/development/scraping/web_scraper/env/lib/python3.7/site-packages/selenium/webdriver/remote/errorhandler.py", line 242, in check_response
    raise exception_class(message, screen, stacktrace)
selenium.common.exceptions.SessionNotCreatedException: Message: session not created: This version of ChromeDriver only supports Chrome version 78

Traceback (most recent call last):
  File "/home/apptrinity19/development/scraping/web_scraper/menu_printing.py", line 221, in <module>
    driver = init_driver()
  File "/home/apptrinity19/development/scraping/web_scraper/menu_printing.py", line 38, in init_driver
    driver = webdriver.Chrome("/usr/lib/chromium-browser/chromedriver", options=options)
  File "/home/apptrinity19/development/scraping/web_scraper/env/lib/python3.7/site-packages/selenium/webdriver/chrome/webdriver.py", line 81, in __init__
    desired_capabilities=desired_capabilities)
  File "/home/apptrinity19/development/scraping/web_scraper/env/lib/python3.7/site-packages/selenium/webdriver/remote/webdriver.py", line 157, in __init__
    self.start_session(capabilities, browser_profile)
  File "/home/apptrinity19/development/scraping/web_scraper/env/lib/python3.7/site-packages/selenium/webdriver/remote/webdriver.py", line 252, in start_session
    response = self.execute(Command.NEW_SESSION, parameters)
  File "/home/apptrinity19/development/scraping/web_scraper/env/lib/python3.7/site-packages/selenium/webdriver/remote/webdriver.py", line 321, in execute
    self.error_handler.check_response(response)
  File "/home/apptrinity19/development/scraping/web_scraper/env/lib/python3.7/site-packages/selenium/webdriver/remote/errorhandler.py", line 242, in check_response
    raise exception_class(message, screen, stacktrace)
selenium.common.exceptions.SessionNotCreatedException: Message: session not created: This version of ChromeDriver only supports Chrome version 78

Traceback (most recent call last):
  File "/home/apptrinity19/development/scraping/web_scraper/menu_printing.py", line 221, in <module>
    driver = init_driver()
  File "/home/apptrinity19/development/scraping/web_scraper/menu_printing.py", line 38, in init_driver
    driver = webdriver.Chrome("/usr/lib/chromium-browser/chromedriver", options=options)
  File "/home/apptrinity19/development/scraping/web_scraper/env/lib/python3.7/site-packages/selenium/webdriver/chrome/webdriver.py", line 81, in __init__
    desired_capabilities=desired_capabilities)
  File "/home/apptrinity19/development/scraping/web_scraper/env/lib/python3.7/site-packages/selenium/webdriver/remote/webdriver.py", line 157, in __init__
    self.start_session(capabilities, browser_profile)
  File "/home/apptrinity19/development/scraping/web_scraper/env/lib/python3.7/site-packages/selenium/webdriver/remote/webdriver.py", line 252, in start_session
    response = self.execute(Command.NEW_SESSION, parameters)
  File "/home/apptrinity19/development/scraping/web_scraper/env/lib/python3.7/site-packages/selenium/webdriver/remote/webdriver.py", line 321, in execute
    self.error_handler.check_response(response)
  File "/home/apptrinity19/development/scraping/web_scraper/env/lib/python3.7/site-packages/selenium/webdriver/remote/errorhandler.py", line 242, in check_response
    raise exception_class(message, screen, stacktrace)
selenium.common.exceptions.SessionNotCreatedException: Message: session not created: This version of ChromeDriver only supports Chrome version 78

Traceback (most recent call last):
  File "/home/apptrinity19/development/scraping/web_scraper/menu_printing.py", line 221, in <module>
    driver = init_driver()
  File "/home/apptrinity19/development/scraping/web_scraper/menu_printing.py", line 38, in init_driver
    driver = webdriver.Chrome("/usr/lib/chromium-browser/chromedriver", options=options)
  File "/home/apptrinity19/development/scraping/web_scraper/env/lib/python3.7/site-packages/selenium/webdriver/chrome/webdriver.py", line 81, in __init__
    desired_capabilities=desired_capabilities)
  File "/home/apptrinity19/development/scraping/web_scraper/env/lib/python3.7/site-packages/selenium/webdriver/remote/webdriver.py", line 157, in __init__
    self.start_session(capabilities, browser_profile)
  File "/home/apptrinity19/development/scraping/web_scraper/env/lib/python3.7/site-packages/selenium/webdriver/remote/webdriver.py", line 252, in start_session
    response = self.execute(Command.NEW_SESSION, parameters)
  File "/home/apptrinity19/development/scraping/web_scraper/env/lib/python3.7/site-packages/selenium/webdriver/remote/webdriver.py", line 321, in execute
    self.error_handler.check_response(response)
  File "/home/apptrinity19/development/scraping/web_scraper/env/lib/python3.7/site-packages/selenium/webdriver/remote/errorhandler.py", line 242, in check_response
    raise exception_class(message, screen, stacktrace)
selenium.common.exceptions.SessionNotCreatedException: Message: session not created: This version of ChromeDriver only supports Chrome version 78

Traceback (most recent call last):
  File "/home/apptrinity19/development/scraping/web_scraper/menu_printing.py", line 221, in <module>
    driver = init_driver()
  File "/home/apptrinity19/development/scraping/web_scraper/menu_printing.py", line 38, in init_driver
    driver = webdriver.Chrome("/usr/lib/chromium-browser/chromedriver", options=options)
  File "/home/apptrinity19/development/scraping/web_scraper/env/lib/python3.7/site-packages/selenium/webdriver/chrome/webdriver.py", line 81, in __init__
    desired_capabilities=desired_capabilities)
  File "/home/apptrinity19/development/scraping/web_scraper/env/lib/python3.7/site-packages/selenium/webdriver/remote/webdriver.py", line 157, in __init__
    self.start_session(capabilities, browser_profile)
  File "/home/apptrinity19/development/scraping/web_scraper/env/lib/python3.7/site-packages/selenium/webdriver/remote/webdriver.py", line 252, in start_session
    response = self.execute(Command.NEW_SESSION, parameters)
  File "/home/apptrinity19/development/scraping/web_scraper/env/lib/python3.7/site-packages/selenium/webdriver/remote/webdriver.py", line 321, in execute
    self.error_handler.check_response(response)
  File "/home/apptrinity19/development/scraping/web_scraper/env/lib/python3.7/site-packages/selenium/webdriver/remote/errorhandler.py", line 242, in check_response
    raise exception_class(message, screen, stacktrace)
selenium.common.exceptions.SessionNotCreatedException: Message: session not created: This version of ChromeDriver only supports Chrome version 78

Traceback (most recent call last):
  File "/home/apptrinity19/development/scraping/web_scraper/menu_printing.py", line 221, in <module>
    driver = init_driver()
  File "/home/apptrinity19/development/scraping/web_scraper/menu_printing.py", line 38, in init_driver
    driver = webdriver.Chrome("/usr/lib/chromium-browser/chromedriver", options=options)
  File "/home/apptrinity19/development/scraping/web_scraper/env/lib/python3.7/site-packages/selenium/webdriver/chrome/webdriver.py", line 81, in __init__
    desired_capabilities=desired_capabilities)
  File "/home/apptrinity19/development/scraping/web_scraper/env/lib/python3.7/site-packages/selenium/webdriver/remote/webdriver.py", line 157, in __init__
    self.start_session(capabilities, browser_profile)
  File "/home/apptrinity19/development/scraping/web_scraper/env/lib/python3.7/site-packages/selenium/webdriver/remote/webdriver.py", line 252, in start_session
    response = self.execute(Command.NEW_SESSION, parameters)
  File "/home/apptrinity19/development/scraping/web_scraper/env/lib/python3.7/site-packages/selenium/webdriver/remote/webdriver.py", line 321, in execute
    self.error_handler.check_response(response)
  File "/home/apptrinity19/development/scraping/web_scraper/env/lib/python3.7/site-packages/selenium/webdriver/remote/errorhandler.py", line 242, in check_response
    raise exception_class(message, screen, stacktrace)
selenium.common.exceptions.SessionNotCreatedException: Message: session not created: This version of ChromeDriver only supports Chrome version 78

Traceback (most recent call last):
  File "/home/apptrinity19/development/scraping/web_scraper/menu_printing.py", line 221, in <module>
    driver = init_driver()
  File "/home/apptrinity19/development/scraping/web_scraper/menu_printing.py", line 38, in init_driver
    driver = webdriver.Chrome("/usr/lib/chromium-browser/chromedriver", options=options)
  File "/home/apptrinity19/development/scraping/web_scraper/env/lib/python3.7/site-packages/selenium/webdriver/chrome/webdriver.py", line 81, in __init__
    desired_capabilities=desired_capabilities)
  File "/home/apptrinity19/development/scraping/web_scraper/env/lib/python3.7/site-packages/selenium/webdriver/remote/webdriver.py", line 157, in __init__
    self.start_session(capabilities, browser_profile)
  File "/home/apptrinity19/development/scraping/web_scraper/env/lib/python3.7/site-packages/selenium/webdriver/remote/webdriver.py", line 252, in start_session
    response = self.execute(Command.NEW_SESSION, parameters)
  File "/home/apptrinity19/development/scraping/web_scraper/env/lib/python3.7/site-packages/selenium/webdriver/remote/webdriver.py", line 321, in execute
    self.error_handler.check_response(response)
  File "/home/apptrinity19/development/scraping/web_scraper/env/lib/python3.7/site-packages/selenium/webdriver/remote/errorhandler.py", line 242, in check_response
    raise exception_class(message, screen, stacktrace)
selenium.common.exceptions.SessionNotCreatedException: Message: session not created: This version of ChromeDriver only supports Chrome version 78

Traceback (most recent call last):
  File "/home/apptrinity19/development/scraping/web_scraper/menu_printing.py", line 221, in <module>
    driver = init_driver()
  File "/home/apptrinity19/development/scraping/web_scraper/menu_printing.py", line 38, in init_driver
    driver = webdriver.Chrome("/usr/lib/chromium-browser/chromedriver", options=options)
  File "/home/apptrinity19/development/scraping/web_scraper/env/lib/python3.7/site-packages/selenium/webdriver/chrome/webdriver.py", line 81, in __init__
    desired_capabilities=desired_capabilities)
  File "/home/apptrinity19/development/scraping/web_scraper/env/lib/python3.7/site-packages/selenium/webdriver/remote/webdriver.py", line 157, in __init__
    self.start_session(capabilities, browser_profile)
  File "/home/apptrinity19/development/scraping/web_scraper/env/lib/python3.7/site-packages/selenium/webdriver/remote/webdriver.py", line 252, in start_session
    response = self.execute(Command.NEW_SESSION, parameters)
  File "/home/apptrinity19/development/scraping/web_scraper/env/lib/python3.7/site-packages/selenium/webdriver/remote/webdriver.py", line 321, in execute
    self.error_handler.check_response(response)
  File "/home/apptrinity19/development/scraping/web_scraper/env/lib/python3.7/site-packages/selenium/webdriver/remote/errorhandler.py", line 242, in check_response
    raise exception_class(message, screen, stacktrace)
selenium.common.exceptions.SessionNotCreatedException: Message: session not created: This version of ChromeDriver only supports Chrome version 78

Traceback (most recent call last):
  File "/home/apptrinity19/development/scraping/web_scraper/menu_printing.py", line 221, in <module>
    driver = init_driver()
  File "/home/apptrinity19/development/scraping/web_scraper/menu_printing.py", line 38, in init_driver
    driver = webdriver.Chrome("/usr/lib/chromium-browser/chromedriver", options=options)
  File "/home/apptrinity19/development/scraping/web_scraper/env/lib/python3.7/site-packages/selenium/webdriver/chrome/webdriver.py", line 81, in __init__
    desired_capabilities=desired_capabilities)
  File "/home/apptrinity19/development/scraping/web_scraper/env/lib/python3.7/site-packages/selenium/webdriver/remote/webdriver.py", line 157, in __init__
    self.start_session(capabilities, browser_profile)
  File "/home/apptrinity19/development/scraping/web_scraper/env/lib/python3.7/site-packages/selenium/webdriver/remote/webdriver.py", line 252, in start_session
    response = self.execute(Command.NEW_SESSION, parameters)
  File "/home/apptrinity19/development/scraping/web_scraper/env/lib/python3.7/site-packages/selenium/webdriver/remote/webdriver.py", line 321, in execute
    self.error_handler.check_response(response)
  File "/home/apptrinity19/development/scraping/web_scraper/env/lib/python3.7/site-packages/selenium/webdriver/remote/errorhandler.py", line 242, in check_response
    raise exception_class(message, screen, stacktrace)
selenium.common.exceptions.SessionNotCreatedException: Message: session not created: This version of ChromeDriver only supports Chrome version 78

Traceback (most recent call last):
  File "/home/apptrinity19/development/scraping/web_scraper/menu_printing.py", line 221, in <module>
    driver = init_driver()
  File "/home/apptrinity19/development/scraping/web_scraper/menu_printing.py", line 38, in init_driver
    driver = webdriver.Chrome("/usr/lib/chromium-browser/chromedriver", options=options)
  File "/home/apptrinity19/development/scraping/web_scraper/env/lib/python3.7/site-packages/selenium/webdriver/chrome/webdriver.py", line 81, in __init__
    desired_capabilities=desired_capabilities)
  File "/home/apptrinity19/development/scraping/web_scraper/env/lib/python3.7/site-packages/selenium/webdriver/remote/webdriver.py", line 157, in __init__
    self.start_session(capabilities, browser_profile)
  File "/home/apptrinity19/development/scraping/web_scraper/env/lib/python3.7/site-packages/selenium/webdriver/remote/webdriver.py", line 252, in start_session
    response = self.execute(Command.NEW_SESSION, parameters)
  File "/home/apptrinity19/development/scraping/web_scraper/env/lib/python3.7/site-packages/selenium/webdriver/remote/webdriver.py", line 321, in execute
    self.error_handler.check_response(response)
  File "/home/apptrinity19/development/scraping/web_scraper/env/lib/python3.7/site-packages/selenium/webdriver/remote/errorhandler.py", line 242, in check_response
    raise exception_class(message, screen, stacktrace)
selenium.common.exceptions.SessionNotCreatedException: Message: session not created: This version of ChromeDriver only supports Chrome version 78

Traceback (most recent call last):
  File "/home/apptrinity19/development/scraping/web_scraper/menu_printing.py", line 221, in <module>
    driver = init_driver()
  File "/home/apptrinity19/development/scraping/web_scraper/menu_printing.py", line 38, in init_driver
    driver = webdriver.Chrome("/usr/lib/chromium-browser/chromedriver", options=options)
  File "/home/apptrinity19/development/scraping/web_scraper/env/lib/python3.7/site-packages/selenium/webdriver/chrome/webdriver.py", line 81, in __init__
    desired_capabilities=desired_capabilities)
  File "/home/apptrinity19/development/scraping/web_scraper/env/lib/python3.7/site-packages/selenium/webdriver/remote/webdriver.py", line 157, in __init__
    self.start_session(capabilities, browser_profile)
  File "/home/apptrinity19/development/scraping/web_scraper/env/lib/python3.7/site-packages/selenium/webdriver/remote/webdriver.py", line 252, in start_session
    response = self.execute(Command.NEW_SESSION, parameters)
  File "/home/apptrinity19/development/scraping/web_scraper/env/lib/python3.7/site-packages/selenium/webdriver/remote/webdriver.py", line 321, in execute
    self.error_handler.check_response(response)
  File "/home/apptrinity19/development/scraping/web_scraper/env/lib/python3.7/site-packages/selenium/webdriver/remote/errorhandler.py", line 242, in check_response
    raise exception_class(message, screen, stacktrace)
selenium.common.exceptions.SessionNotCreatedException: Message: session not created: This version of ChromeDriver only supports Chrome version 78

Traceback (most recent call last):
  File "/home/apptrinity19/development/scraping/web_scraper/menu_printing.py", line 221, in <module>
    driver = init_driver()
  File "/home/apptrinity19/development/scraping/web_scraper/menu_printing.py", line 38, in init_driver
    driver = webdriver.Chrome("/usr/lib/chromium-browser/chromedriver", options=options)
  File "/home/apptrinity19/development/scraping/web_scraper/env/lib/python3.7/site-packages/selenium/webdriver/chrome/webdriver.py", line 81, in __init__
    desired_capabilities=desired_capabilities)
  File "/home/apptrinity19/development/scraping/web_scraper/env/lib/python3.7/site-packages/selenium/webdriver/remote/webdriver.py", line 157, in __init__
    self.start_session(capabilities, browser_profile)
  File "/home/apptrinity19/development/scraping/web_scraper/env/lib/python3.7/site-packages/selenium/webdriver/remote/webdriver.py", line 252, in start_session
    response = self.execute(Command.NEW_SESSION, parameters)
  File "/home/apptrinity19/development/scraping/web_scraper/env/lib/python3.7/site-packages/selenium/webdriver/remote/webdriver.py", line 321, in execute
    self.error_handler.check_response(response)
  File "/home/apptrinity19/development/scraping/web_scraper/env/lib/python3.7/site-packages/selenium/webdriver/remote/errorhandler.py", line 242, in check_response
    raise exception_class(message, screen, stacktrace)
selenium.common.exceptions.SessionNotCreatedException: Message: session not created: This version of ChromeDriver only supports Chrome version 78

Traceback (most recent call last):
  File "/home/apptrinity19/development/scraping/web_scraper/menu_printing.py", line 221, in <module>
    driver = init_driver()
  File "/home/apptrinity19/development/scraping/web_scraper/menu_printing.py", line 38, in init_driver
    driver = webdriver.Chrome("/usr/lib/chromium-browser/chromedriver", options=options)
  File "/home/apptrinity19/development/scraping/web_scraper/env/lib/python3.7/site-packages/selenium/webdriver/chrome/webdriver.py", line 81, in __init__
    desired_capabilities=desired_capabilities)
  File "/home/apptrinity19/development/scraping/web_scraper/env/lib/python3.7/site-packages/selenium/webdriver/remote/webdriver.py", line 157, in __init__
    self.start_session(capabilities, browser_profile)
  File "/home/apptrinity19/development/scraping/web_scraper/env/lib/python3.7/site-packages/selenium/webdriver/remote/webdriver.py", line 252, in start_session
    response = self.execute(Command.NEW_SESSION, parameters)
  File "/home/apptrinity19/development/scraping/web_scraper/env/lib/python3.7/site-packages/selenium/webdriver/remote/webdriver.py", line 321, in execute
    self.error_handler.check_response(response)
  File "/home/apptrinity19/development/scraping/web_scraper/env/lib/python3.7/site-packages/selenium/webdriver/remote/errorhandler.py", line 242, in check_response
    raise exception_class(message, screen, stacktrace)
selenium.common.exceptions.SessionNotCreatedException: Message: session not created: This version of ChromeDriver only supports Chrome version 78

Traceback (most recent call last):
  File "/home/apptrinity19/development/scraping/web_scraper/menu_printing.py", line 221, in <module>
    driver = init_driver()
  File "/home/apptrinity19/development/scraping/web_scraper/menu_printing.py", line 38, in init_driver
    driver = webdriver.Chrome("/usr/lib/chromium-browser/chromedriver", options=options)
  File "/home/apptrinity19/development/scraping/web_scraper/env/lib/python3.7/site-packages/selenium/webdriver/chrome/webdriver.py", line 81, in __init__
    desired_capabilities=desired_capabilities)
  File "/home/apptrinity19/development/scraping/web_scraper/env/lib/python3.7/site-packages/selenium/webdriver/remote/webdriver.py", line 157, in __init__
    self.start_session(capabilities, browser_profile)
  File "/home/apptrinity19/development/scraping/web_scraper/env/lib/python3.7/site-packages/selenium/webdriver/remote/webdriver.py", line 252, in start_session
    response = self.execute(Command.NEW_SESSION, parameters)
  File "/home/apptrinity19/development/scraping/web_scraper/env/lib/python3.7/site-packages/selenium/webdriver/remote/webdriver.py", line 321, in execute
    self.error_handler.check_response(response)
  File "/home/apptrinity19/development/scraping/web_scraper/env/lib/python3.7/site-packages/selenium/webdriver/remote/errorhandler.py", line 242, in check_response
    raise exception_class(message, screen, stacktrace)
selenium.common.exceptions.SessionNotCreatedException: Message: session not created: This version of ChromeDriver only supports Chrome version 78

Traceback (most recent call last):
  File "/home/apptrinity19/development/scraping/web_scraper/menu_printing.py", line 221, in <module>
    driver = init_driver()
  File "/home/apptrinity19/development/scraping/web_scraper/menu_printing.py", line 38, in init_driver
    driver = webdriver.Chrome("/usr/lib/chromium-browser/chromedriver", options=options)
  File "/home/apptrinity19/development/scraping/web_scraper/env/lib/python3.7/site-packages/selenium/webdriver/chrome/webdriver.py", line 81, in __init__
    desired_capabilities=desired_capabilities)
  File "/home/apptrinity19/development/scraping/web_scraper/env/lib/python3.7/site-packages/selenium/webdriver/remote/webdriver.py", line 157, in __init__
    self.start_session(capabilities, browser_profile)
  File "/home/apptrinity19/development/scraping/web_scraper/env/lib/python3.7/site-packages/selenium/webdriver/remote/webdriver.py", line 252, in start_session
    response = self.execute(Command.NEW_SESSION, parameters)
  File "/home/apptrinity19/development/scraping/web_scraper/env/lib/python3.7/site-packages/selenium/webdriver/remote/webdriver.py", line 321, in execute
    self.error_handler.check_response(response)
  File "/home/apptrinity19/development/scraping/web_scraper/env/lib/python3.7/site-packages/selenium/webdriver/remote/errorhandler.py", line 242, in check_response
    raise exception_class(message, screen, stacktrace)
selenium.common.exceptions.SessionNotCreatedException: Message: session not created: This version of ChromeDriver only supports Chrome version 78

Traceback (most recent call last):
  File "/home/apptrinity19/development/scraping/web_scraper/menu_printing.py", line 221, in <module>
    driver = init_driver()
  File "/home/apptrinity19/development/scraping/web_scraper/menu_printing.py", line 38, in init_driver
    driver = webdriver.Chrome("/usr/lib/chromium-browser/chromedriver", options=options)
  File "/home/apptrinity19/development/scraping/web_scraper/env/lib/python3.7/site-packages/selenium/webdriver/chrome/webdriver.py", line 81, in __init__
    desired_capabilities=desired_capabilities)
  File "/home/apptrinity19/development/scraping/web_scraper/env/lib/python3.7/site-packages/selenium/webdriver/remote/webdriver.py", line 157, in __init__
    self.start_session(capabilities, browser_profile)
  File "/home/apptrinity19/development/scraping/web_scraper/env/lib/python3.7/site-packages/selenium/webdriver/remote/webdriver.py", line 252, in start_session
    response = self.execute(Command.NEW_SESSION, parameters)
  File "/home/apptrinity19/development/scraping/web_scraper/env/lib/python3.7/site-packages/selenium/webdriver/remote/webdriver.py", line 321, in execute
    self.error_handler.check_response(response)
  File "/home/apptrinity19/development/scraping/web_scraper/env/lib/python3.7/site-packages/selenium/webdriver/remote/errorhandler.py", line 242, in check_response
    raise exception_class(message, screen, stacktrace)
selenium.common.exceptions.SessionNotCreatedException: Message: session not created: This version of ChromeDriver only supports Chrome version 78

Traceback (most recent call last):
  File "/home/apptrinity19/development/scraping/web_scraper/menu_printing.py", line 221, in <module>
    driver = init_driver()
  File "/home/apptrinity19/development/scraping/web_scraper/menu_printing.py", line 38, in init_driver
    driver = webdriver.Chrome("/usr/lib/chromium-browser/chromedriver", options=options)
  File "/home/apptrinity19/development/scraping/web_scraper/env/lib/python3.7/site-packages/selenium/webdriver/chrome/webdriver.py", line 81, in __init__
    desired_capabilities=desired_capabilities)
  File "/home/apptrinity19/development/scraping/web_scraper/env/lib/python3.7/site-packages/selenium/webdriver/remote/webdriver.py", line 157, in __init__
    self.start_session(capabilities, browser_profile)
  File "/home/apptrinity19/development/scraping/web_scraper/env/lib/python3.7/site-packages/selenium/webdriver/remote/webdriver.py", line 252, in start_session
    response = self.execute(Command.NEW_SESSION, parameters)
  File "/home/apptrinity19/development/scraping/web_scraper/env/lib/python3.7/site-packages/selenium/webdriver/remote/webdriver.py", line 321, in execute
    self.error_handler.check_response(response)
  File "/home/apptrinity19/development/scraping/web_scraper/env/lib/python3.7/site-packages/selenium/webdriver/remote/errorhandler.py", line 242, in check_response
    raise exception_class(message, screen, stacktrace)
selenium.common.exceptions.SessionNotCreatedException: Message: session not created: This version of ChromeDriver only supports Chrome version 78

Traceback (most recent call last):
  File "/home/apptrinity19/development/scraping/web_scraper/menu_printing.py", line 221, in <module>
    driver = init_driver()
  File "/home/apptrinity19/development/scraping/web_scraper/menu_printing.py", line 38, in init_driver
    driver = webdriver.Chrome("/usr/lib/chromium-browser/chromedriver", options=options)
  File "/home/apptrinity19/development/scraping/web_scraper/env/lib/python3.7/site-packages/selenium/webdriver/chrome/webdriver.py", line 81, in __init__
    desired_capabilities=desired_capabilities)
  File "/home/apptrinity19/development/scraping/web_scraper/env/lib/python3.7/site-packages/selenium/webdriver/remote/webdriver.py", line 157, in __init__
    self.start_session(capabilities, browser_profile)
  File "/home/apptrinity19/development/scraping/web_scraper/env/lib/python3.7/site-packages/selenium/webdriver/remote/webdriver.py", line 252, in start_session
    response = self.execute(Command.NEW_SESSION, parameters)
  File "/home/apptrinity19/development/scraping/web_scraper/env/lib/python3.7/site-packages/selenium/webdriver/remote/webdriver.py", line 321, in execute
    self.error_handler.check_response(response)
  File "/home/apptrinity19/development/scraping/web_scraper/env/lib/python3.7/site-packages/selenium/webdriver/remote/errorhandler.py", line 242, in check_response
    raise exception_class(message, screen, stacktrace)
selenium.common.exceptions.SessionNotCreatedException: Message: session not created: This version of ChromeDriver only supports Chrome version 78

Traceback (most recent call last):
  File "/home/apptrinity19/development/scraping/web_scraper/menu_printing.py", line 221, in <module>
    driver = init_driver()
  File "/home/apptrinity19/development/scraping/web_scraper/menu_printing.py", line 38, in init_driver
    driver = webdriver.Chrome("/usr/lib/chromium-browser/chromedriver", options=options)
  File "/home/apptrinity19/development/scraping/web_scraper/env/lib/python3.7/site-packages/selenium/webdriver/chrome/webdriver.py", line 81, in __init__
    desired_capabilities=desired_capabilities)
  File "/home/apptrinity19/development/scraping/web_scraper/env/lib/python3.7/site-packages/selenium/webdriver/remote/webdriver.py", line 157, in __init__
    self.start_session(capabilities, browser_profile)
  File "/home/apptrinity19/development/scraping/web_scraper/env/lib/python3.7/site-packages/selenium/webdriver/remote/webdriver.py", line 252, in start_session
    response = self.execute(Command.NEW_SESSION, parameters)
  File "/home/apptrinity19/development/scraping/web_scraper/env/lib/python3.7/site-packages/selenium/webdriver/remote/webdriver.py", line 321, in execute
    self.error_handler.check_response(response)
  File "/home/apptrinity19/development/scraping/web_scraper/env/lib/python3.7/site-packages/selenium/webdriver/remote/errorhandler.py", line 242, in check_response
    raise exception_class(message, screen, stacktrace)
selenium.common.exceptions.SessionNotCreatedException: Message: session not created: This version of ChromeDriver only supports Chrome version 78

Traceback (most recent call last):
  File "/home/apptrinity19/development/scraping/web_scraper/menu_printing.py", line 221, in <module>
    driver = init_driver()
  File "/home/apptrinity19/development/scraping/web_scraper/menu_printing.py", line 38, in init_driver
    driver = webdriver.Chrome("/usr/lib/chromium-browser/chromedriver", options=options)
  File "/home/apptrinity19/development/scraping/web_scraper/env/lib/python3.7/site-packages/selenium/webdriver/chrome/webdriver.py", line 81, in __init__
    desired_capabilities=desired_capabilities)
  File "/home/apptrinity19/development/scraping/web_scraper/env/lib/python3.7/site-packages/selenium/webdriver/remote/webdriver.py", line 157, in __init__
    self.start_session(capabilities, browser_profile)
  File "/home/apptrinity19/development/scraping/web_scraper/env/lib/python3.7/site-packages/selenium/webdriver/remote/webdriver.py", line 252, in start_session
    response = self.execute(Command.NEW_SESSION, parameters)
  File "/home/apptrinity19/development/scraping/web_scraper/env/lib/python3.7/site-packages/selenium/webdriver/remote/webdriver.py", line 321, in execute
    self.error_handler.check_response(response)
  File "/home/apptrinity19/development/scraping/web_scraper/env/lib/python3.7/site-packages/selenium/webdriver/remote/errorhandler.py", line 242, in check_response
    raise exception_class(message, screen, stacktrace)
selenium.common.exceptions.SessionNotCreatedException: Message: session not created: This version of ChromeDriver only supports Chrome version 78

Traceback (most recent call last):
  File "/home/apptrinity19/development/scraping/web_scraper/menu_printing.py", line 221, in <module>
    driver = init_driver()
  File "/home/apptrinity19/development/scraping/web_scraper/menu_printing.py", line 38, in init_driver
    driver = webdriver.Chrome("/usr/lib/chromium-browser/chromedriver", options=options)
  File "/home/apptrinity19/development/scraping/web_scraper/env/lib/python3.7/site-packages/selenium/webdriver/chrome/webdriver.py", line 81, in __init__
    desired_capabilities=desired_capabilities)
  File "/home/apptrinity19/development/scraping/web_scraper/env/lib/python3.7/site-packages/selenium/webdriver/remote/webdriver.py", line 157, in __init__
    self.start_session(capabilities, browser_profile)
  File "/home/apptrinity19/development/scraping/web_scraper/env/lib/python3.7/site-packages/selenium/webdriver/remote/webdriver.py", line 252, in start_session
    response = self.execute(Command.NEW_SESSION, parameters)
  File "/home/apptrinity19/development/scraping/web_scraper/env/lib/python3.7/site-packages/selenium/webdriver/remote/webdriver.py", line 321, in execute
    self.error_handler.check_response(response)
  File "/home/apptrinity19/development/scraping/web_scraper/env/lib/python3.7/site-packages/selenium/webdriver/remote/errorhandler.py", line 242, in check_response
    raise exception_class(message, screen, stacktrace)
selenium.common.exceptions.SessionNotCreatedException: Message: session not created: This version of ChromeDriver only supports Chrome version 78

Traceback (most recent call last):
  File "/home/apptrinity19/development/scraping/web_scraper/menu_printing.py", line 221, in <module>
    driver = init_driver()
  File "/home/apptrinity19/development/scraping/web_scraper/menu_printing.py", line 38, in init_driver
    driver = webdriver.Chrome("/usr/lib/chromium-browser/chromedriver", options=options)
  File "/home/apptrinity19/development/scraping/web_scraper/env/lib/python3.7/site-packages/selenium/webdriver/chrome/webdriver.py", line 81, in __init__
    desired_capabilities=desired_capabilities)
  File "/home/apptrinity19/development/scraping/web_scraper/env/lib/python3.7/site-packages/selenium/webdriver/remote/webdriver.py", line 157, in __init__
    self.start_session(capabilities, browser_profile)
  File "/home/apptrinity19/development/scraping/web_scraper/env/lib/python3.7/site-packages/selenium/webdriver/remote/webdriver.py", line 252, in start_session
    response = self.execute(Command.NEW_SESSION, parameters)
  File "/home/apptrinity19/development/scraping/web_scraper/env/lib/python3.7/site-packages/selenium/webdriver/remote/webdriver.py", line 321, in execute
    self.error_handler.check_response(response)
  File "/home/apptrinity19/development/scraping/web_scraper/env/lib/python3.7/site-packages/selenium/webdriver/remote/errorhandler.py", line 242, in check_response
    raise exception_class(message, screen, stacktrace)
selenium.common.exceptions.SessionNotCreatedException: Message: session not created: This version of ChromeDriver only supports Chrome version 78

Traceback (most recent call last):
  File "/home/apptrinity19/development/scraping/web_scraper/menu_printing.py", line 221, in <module>
    driver = init_driver()
  File "/home/apptrinity19/development/scraping/web_scraper/menu_printing.py", line 38, in init_driver
    driver = webdriver.Chrome("/usr/lib/chromium-browser/chromedriver", options=options)
  File "/home/apptrinity19/development/scraping/web_scraper/env/lib/python3.7/site-packages/selenium/webdriver/chrome/webdriver.py", line 81, in __init__
    desired_capabilities=desired_capabilities)
  File "/home/apptrinity19/development/scraping/web_scraper/env/lib/python3.7/site-packages/selenium/webdriver/remote/webdriver.py", line 157, in __init__
    self.start_session(capabilities, browser_profile)
  File "/home/apptrinity19/development/scraping/web_scraper/env/lib/python3.7/site-packages/selenium/webdriver/remote/webdriver.py", line 252, in start_session
    response = self.execute(Command.NEW_SESSION, parameters)
  File "/home/apptrinity19/development/scraping/web_scraper/env/lib/python3.7/site-packages/selenium/webdriver/remote/webdriver.py", line 321, in execute
    self.error_handler.check_response(response)
  File "/home/apptrinity19/development/scraping/web_scraper/env/lib/python3.7/site-packages/selenium/webdriver/remote/errorhandler.py", line 242, in check_response
    raise exception_class(message, screen, stacktrace)
selenium.common.exceptions.SessionNotCreatedException: Message: session not created: This version of ChromeDriver only supports Chrome version 78

Traceback (most recent call last):
  File "/home/apptrinity19/development/scraping/web_scraper/menu_printing.py", line 221, in <module>
    driver = init_driver()
  File "/home/apptrinity19/development/scraping/web_scraper/menu_printing.py", line 38, in init_driver
    driver = webdriver.Chrome("/usr/lib/chromium-browser/chromedriver", options=options)
  File "/home/apptrinity19/development/scraping/web_scraper/env/lib/python3.7/site-packages/selenium/webdriver/chrome/webdriver.py", line 81, in __init__
    desired_capabilities=desired_capabilities)
  File "/home/apptrinity19/development/scraping/web_scraper/env/lib/python3.7/site-packages/selenium/webdriver/remote/webdriver.py", line 157, in __init__
    self.start_session(capabilities, browser_profile)
  File "/home/apptrinity19/development/scraping/web_scraper/env/lib/python3.7/site-packages/selenium/webdriver/remote/webdriver.py", line 252, in start_session
    response = self.execute(Command.NEW_SESSION, parameters)
  File "/home/apptrinity19/development/scraping/web_scraper/env/lib/python3.7/site-packages/selenium/webdriver/remote/webdriver.py", line 321, in execute
    self.error_handler.check_response(response)
  File "/home/apptrinity19/development/scraping/web_scraper/env/lib/python3.7/site-packages/selenium/webdriver/remote/errorhandler.py", line 242, in check_response
    raise exception_class(message, screen, stacktrace)
selenium.common.exceptions.SessionNotCreatedException: Message: session not created: This version of ChromeDriver only supports Chrome version 78

Traceback (most recent call last):
  File "/home/apptrinity19/development/scraping/web_scraper/menu_printing.py", line 221, in <module>
    driver = init_driver()
  File "/home/apptrinity19/development/scraping/web_scraper/menu_printing.py", line 38, in init_driver
    driver = webdriver.Chrome("/usr/lib/chromium-browser/chromedriver", options=options)
  File "/home/apptrinity19/development/scraping/web_scraper/env/lib/python3.7/site-packages/selenium/webdriver/chrome/webdriver.py", line 81, in __init__
    desired_capabilities=desired_capabilities)
  File "/home/apptrinity19/development/scraping/web_scraper/env/lib/python3.7/site-packages/selenium/webdriver/remote/webdriver.py", line 157, in __init__
    self.start_session(capabilities, browser_profile)
  File "/home/apptrinity19/development/scraping/web_scraper/env/lib/python3.7/site-packages/selenium/webdriver/remote/webdriver.py", line 252, in start_session
    response = self.execute(Command.NEW_SESSION, parameters)
  File "/home/apptrinity19/development/scraping/web_scraper/env/lib/python3.7/site-packages/selenium/webdriver/remote/webdriver.py", line 321, in execute
    self.error_handler.check_response(response)
  File "/home/apptrinity19/development/scraping/web_scraper/env/lib/python3.7/site-packages/selenium/webdriver/remote/errorhandler.py", line 242, in check_response
    raise exception_class(message, screen, stacktrace)
selenium.common.exceptions.SessionNotCreatedException: Message: session not created: This version of ChromeDriver only supports Chrome version 78

Traceback (most recent call last):
  File "/home/apptrinity19/development/scraping/web_scraper/menu_printing.py", line 221, in <module>
    driver = init_driver()
  File "/home/apptrinity19/development/scraping/web_scraper/menu_printing.py", line 38, in init_driver
    driver = webdriver.Chrome("/usr/lib/chromium-browser/chromedriver", options=options)
  File "/home/apptrinity19/development/scraping/web_scraper/env/lib/python3.7/site-packages/selenium/webdriver/chrome/webdriver.py", line 81, in __init__
    desired_capabilities=desired_capabilities)
  File "/home/apptrinity19/development/scraping/web_scraper/env/lib/python3.7/site-packages/selenium/webdriver/remote/webdriver.py", line 157, in __init__
    self.start_session(capabilities, browser_profile)
  File "/home/apptrinity19/development/scraping/web_scraper/env/lib/python3.7/site-packages/selenium/webdriver/remote/webdriver.py", line 252, in start_session
    response = self.execute(Command.NEW_SESSION, parameters)
  File "/home/apptrinity19/development/scraping/web_scraper/env/lib/python3.7/site-packages/selenium/webdriver/remote/webdriver.py", line 321, in execute
    self.error_handler.check_response(response)
  File "/home/apptrinity19/development/scraping/web_scraper/env/lib/python3.7/site-packages/selenium/webdriver/remote/errorhandler.py", line 242, in check_response
    raise exception_class(message, screen, stacktrace)
selenium.common.exceptions.SessionNotCreatedException: Message: session not created: This version of ChromeDriver only supports Chrome version 78

Traceback (most recent call last):
  File "/home/apptrinity19/development/scraping/web_scraper/menu_printing.py", line 221, in <module>
    driver = init_driver()
  File "/home/apptrinity19/development/scraping/web_scraper/menu_printing.py", line 38, in init_driver
    driver = webdriver.Chrome("/usr/lib/chromium-browser/chromedriver", options=options)
  File "/home/apptrinity19/development/scraping/web_scraper/env/lib/python3.7/site-packages/selenium/webdriver/chrome/webdriver.py", line 81, in __init__
    desired_capabilities=desired_capabilities)
  File "/home/apptrinity19/development/scraping/web_scraper/env/lib/python3.7/site-packages/selenium/webdriver/remote/webdriver.py", line 157, in __init__
    self.start_session(capabilities, browser_profile)
  File "/home/apptrinity19/development/scraping/web_scraper/env/lib/python3.7/site-packages/selenium/webdriver/remote/webdriver.py", line 252, in start_session
    response = self.execute(Command.NEW_SESSION, parameters)
  File "/home/apptrinity19/development/scraping/web_scraper/env/lib/python3.7/site-packages/selenium/webdriver/remote/webdriver.py", line 321, in execute
    self.error_handler.check_response(response)
  File "/home/apptrinity19/development/scraping/web_scraper/env/lib/python3.7/site-packages/selenium/webdriver/remote/errorhandler.py", line 242, in check_response
    raise exception_class(message, screen, stacktrace)
selenium.common.exceptions.SessionNotCreatedException: Message: session not created: This version of ChromeDriver only supports Chrome version 78

Traceback (most recent call last):
  File "/home/apptrinity19/development/scraping/web_scraper/menu_printing.py", line 221, in <module>
    driver = init_driver()
  File "/home/apptrinity19/development/scraping/web_scraper/menu_printing.py", line 38, in init_driver
    driver = webdriver.Chrome("/usr/lib/chromium-browser/chromedriver", options=options)
  File "/home/apptrinity19/development/scraping/web_scraper/env/lib/python3.7/site-packages/selenium/webdriver/chrome/webdriver.py", line 81, in __init__
    desired_capabilities=desired_capabilities)
  File "/home/apptrinity19/development/scraping/web_scraper/env/lib/python3.7/site-packages/selenium/webdriver/remote/webdriver.py", line 157, in __init__
    self.start_session(capabilities, browser_profile)
  File "/home/apptrinity19/development/scraping/web_scraper/env/lib/python3.7/site-packages/selenium/webdriver/remote/webdriver.py", line 252, in start_session
    response = self.execute(Command.NEW_SESSION, parameters)
  File "/home/apptrinity19/development/scraping/web_scraper/env/lib/python3.7/site-packages/selenium/webdriver/remote/webdriver.py", line 321, in execute
    self.error_handler.check_response(response)
  File "/home/apptrinity19/development/scraping/web_scraper/env/lib/python3.7/site-packages/selenium/webdriver/remote/errorhandler.py", line 242, in check_response
    raise exception_class(message, screen, stacktrace)
selenium.common.exceptions.SessionNotCreatedException: Message: session not created: This version of ChromeDriver only supports Chrome version 78

Traceback (most recent call last):
  File "/home/apptrinity19/development/scraping/web_scraper/menu_printing.py", line 221, in <module>
    driver = init_driver()
  File "/home/apptrinity19/development/scraping/web_scraper/menu_printing.py", line 38, in init_driver
    driver = webdriver.Chrome("/usr/lib/chromium-browser/chromedriver", options=options)
  File "/home/apptrinity19/development/scraping/web_scraper/env/lib/python3.7/site-packages/selenium/webdriver/chrome/webdriver.py", line 81, in __init__
    desired_capabilities=desired_capabilities)
  File "/home/apptrinity19/development/scraping/web_scraper/env/lib/python3.7/site-packages/selenium/webdriver/remote/webdriver.py", line 157, in __init__
    self.start_session(capabilities, browser_profile)
  File "/home/apptrinity19/development/scraping/web_scraper/env/lib/python3.7/site-packages/selenium/webdriver/remote/webdriver.py", line 252, in start_session
    response = self.execute(Command.NEW_SESSION, parameters)
  File "/home/apptrinity19/development/scraping/web_scraper/env/lib/python3.7/site-packages/selenium/webdriver/remote/webdriver.py", line 321, in execute
    self.error_handler.check_response(response)
  File "/home/apptrinity19/development/scraping/web_scraper/env/lib/python3.7/site-packages/selenium/webdriver/remote/errorhandler.py", line 242, in check_response
    raise exception_class(message, screen, stacktrace)
selenium.common.exceptions.SessionNotCreatedException: Message: session not created: This version of ChromeDriver only supports Chrome version 78

Traceback (most recent call last):
  File "/home/apptrinity19/development/scraping/web_scraper/menu_printing.py", line 221, in <module>
    driver = init_driver()
  File "/home/apptrinity19/development/scraping/web_scraper/menu_printing.py", line 38, in init_driver
    driver = webdriver.Chrome("/usr/lib/chromium-browser/chromedriver", options=options)
  File "/home/apptrinity19/development/scraping/web_scraper/env/lib/python3.7/site-packages/selenium/webdriver/chrome/webdriver.py", line 81, in __init__
    desired_capabilities=desired_capabilities)
  File "/home/apptrinity19/development/scraping/web_scraper/env/lib/python3.7/site-packages/selenium/webdriver/remote/webdriver.py", line 157, in __init__
    self.start_session(capabilities, browser_profile)
  File "/home/apptrinity19/development/scraping/web_scraper/env/lib/python3.7/site-packages/selenium/webdriver/remote/webdriver.py", line 252, in start_session
    response = self.execute(Command.NEW_SESSION, parameters)
  File "/home/apptrinity19/development/scraping/web_scraper/env/lib/python3.7/site-packages/selenium/webdriver/remote/webdriver.py", line 321, in execute
    self.error_handler.check_response(response)
  File "/home/apptrinity19/development/scraping/web_scraper/env/lib/python3.7/site-packages/selenium/webdriver/remote/errorhandler.py", line 242, in check_response
    raise exception_class(message, screen, stacktrace)
selenium.common.exceptions.SessionNotCreatedException: Message: session not created: This version of ChromeDriver only supports Chrome version 78

